[INFO  - 2021-01-29T14:47:31.555Z] GhostDriver - Main - running on port 31404
[INFO  - 2021-01-29T14:47:32.230Z] Session [ead5ef10-6240-11eb-a5cd-c78c5e492d83] - page.settings - {"XSSAuditingEnabled":false,"javascriptCanCloseWindows":true,"javascriptCanOpenWindows":true,"javascriptEnabled":true,"loadImages":true,"localToRemoteUrlAccessEnabled":false,"userAgent":"Mozilla/5.0 (iPhone; CPU iPhone OS 13_6 like Mac OS X) AppleWebKit/605.1.15 (KHTML, like Gecko) Mobile/15E148 MicroMessenger/7.0.15(0x17000f28) NetType/WIFI Language/zh_CN","webSecurityEnabled":true}
[INFO  - 2021-01-29T14:47:32.230Z] Session [ead5ef10-6240-11eb-a5cd-c78c5e492d83] - page.customHeaders:  - {}
[INFO  - 2021-01-29T14:47:32.231Z] Session [ead5ef10-6240-11eb-a5cd-c78c5e492d83] - Session.negotiatedCapabilities - {"browserName":"phantomjs","version":"2.1.1","driverName":"ghostdriver","driverVersion":"1.2.0","platform":"windows-10-32bit","javascriptEnabled":true,"takesScreenshot":false,"handlesAlerts":false,"databaseEnabled":false,"locationContextEnabled":false,"applicationCacheEnabled":false,"browserConnectionEnabled":false,"cssSelectorsEnabled":true,"webStorageEnabled":false,"rotatable":false,"acceptSslCerts":false,"nativeEvents":true,"proxy":{"httpProxy":"61.160.210.223:808","proxyType":"MANUAL"},"phantomjs.page.settings.userAgent":"Mozilla/5.0 (iPhone; CPU iPhone OS 13_6 like Mac OS X) AppleWebKit/605.1.15 (KHTML, like Gecko) Mobile/15E148 MicroMessenger/7.0.15(0x17000f28) NetType/WIFI Language/zh_CN"}
[INFO  - 2021-01-29T14:47:32.231Z] SessionManagerReqHand - _postNewSessionCommand - New Session Created: ead5ef10-6240-11eb-a5cd-c78c5e492d83
[INFO  - 2021-01-29T14:47:34.839Z] GhostDriver - Main - running on port 13138
[INFO  - 2021-01-29T14:47:34.964Z] Session [ec76f4e0-6240-11eb-b32b-d3ef462860ed] - page.settings - {"XSSAuditingEnabled":false,"javascriptCanCloseWindows":true,"javascriptCanOpenWindows":true,"javascriptEnabled":true,"loadImages":true,"localToRemoteUrlAccessEnabled":false,"userAgent":"Mozilla/5.0 (iPhone; CPU iPhone OS 13_0 like Mac OS X) AppleWebKit/604.3.5 (KHTML, like Gecko) Version/13.0 MQQBrowser/10.1.0 Mobile/15B87 Safari/604.1 QBWebViewUA/2 QBWebViewType/1 WKType/1","webSecurityEnabled":true}
[INFO  - 2021-01-29T14:47:34.964Z] Session [ec76f4e0-6240-11eb-b32b-d3ef462860ed] - page.customHeaders:  - {}
[INFO  - 2021-01-29T14:47:34.964Z] Session [ec76f4e0-6240-11eb-b32b-d3ef462860ed] - Session.negotiatedCapabilities - {"browserName":"phantomjs","version":"2.1.1","driverName":"ghostdriver","driverVersion":"1.2.0","platform":"windows-10-32bit","javascriptEnabled":true,"takesScreenshot":false,"handlesAlerts":false,"databaseEnabled":false,"locationContextEnabled":false,"applicationCacheEnabled":false,"browserConnectionEnabled":false,"cssSelectorsEnabled":true,"webStorageEnabled":false,"rotatable":false,"acceptSslCerts":false,"nativeEvents":true,"proxy":{"httpProxy":"61.160.210.223:808","proxyType":"MANUAL"},"phantomjs.page.settings.userAgent":"Mozilla/5.0 (iPhone; CPU iPhone OS 13_0 like Mac OS X) AppleWebKit/604.3.5 (KHTML, like Gecko) Version/13.0 MQQBrowser/10.1.0 Mobile/15B87 Safari/604.1 QBWebViewUA/2 QBWebViewType/1 WKType/1"}
[INFO  - 2021-01-29T14:47:34.965Z] SessionManagerReqHand - _postNewSessionCommand - New Session Created: ec76f4e0-6240-11eb-b32b-d3ef462860ed
[INFO  - 2021-01-29T14:49:21.448Z] GhostDriver - Main - running on port 10380
[INFO  - 2021-01-29T14:49:21.584Z] Session [2c039280-6241-11eb-aee0-cdb321c50d90] - page.settings - {"XSSAuditingEnabled":false,"javascriptCanCloseWindows":true,"javascriptCanOpenWindows":true,"javascriptEnabled":true,"loadImages":true,"localToRemoteUrlAccessEnabled":false,"userAgent":"Mozilla/5.0 (iPhone; CPU iPhone OS 13_6 like Mac OS X) AppleWebKit/605.1.15 (KHTML, like Gecko) Mobile/15E148 MicroMessenger/7.0.15(0x17000f28) NetType/WIFI Language/zh_CN","webSecurityEnabled":true}
[INFO  - 2021-01-29T14:49:21.584Z] Session [2c039280-6241-11eb-aee0-cdb321c50d90] - page.customHeaders:  - {}
[INFO  - 2021-01-29T14:49:21.584Z] Session [2c039280-6241-11eb-aee0-cdb321c50d90] - Session.negotiatedCapabilities - {"browserName":"phantomjs","version":"2.1.1","driverName":"ghostdriver","driverVersion":"1.2.0","platform":"windows-10-32bit","javascriptEnabled":true,"takesScreenshot":false,"handlesAlerts":false,"databaseEnabled":false,"locationContextEnabled":false,"applicationCacheEnabled":false,"browserConnectionEnabled":false,"cssSelectorsEnabled":true,"webStorageEnabled":false,"rotatable":false,"acceptSslCerts":false,"nativeEvents":true,"proxy":{"httpProxy":"221.182.31.54:8080","proxyType":"MANUAL"},"phantomjs.page.settings.userAgent":"Mozilla/5.0 (iPhone; CPU iPhone OS 13_6 like Mac OS X) AppleWebKit/605.1.15 (KHTML, like Gecko) Mobile/15E148 MicroMessenger/7.0.15(0x17000f28) NetType/WIFI Language/zh_CN"}
[INFO  - 2021-01-29T14:49:21.585Z] SessionManagerReqHand - _postNewSessionCommand - New Session Created: 2c039280-6241-11eb-aee0-cdb321c50d90
[INFO  - 2021-01-29T14:49:33.898Z] GhostDriver - Main - running on port 36642
[INFO  - 2021-01-29T14:49:33.986Z] Session [33686cd0-6241-11eb-9254-4de43086553e] - page.settings - {"XSSAuditingEnabled":false,"javascriptCanCloseWindows":true,"javascriptCanOpenWindows":true,"javascriptEnabled":true,"loadImages":true,"localToRemoteUrlAccessEnabled":false,"userAgent":"Mozilla/5.0 (iPhone; CPU iPhone OS 13_3_1 like Mac OS X) AppleWebKit/605.1.15 (KHTML, like Gecko) Mobile/15E148 MicroMessenger/7.0.12(0x17000c23) NetType/WIFI Language/zh_CN","webSecurityEnabled":true}
[INFO  - 2021-01-29T14:49:33.986Z] Session [33686cd0-6241-11eb-9254-4de43086553e] - page.customHeaders:  - {}
[INFO  - 2021-01-29T14:49:33.986Z] Session [33686cd0-6241-11eb-9254-4de43086553e] - Session.negotiatedCapabilities - {"browserName":"phantomjs","version":"2.1.1","driverName":"ghostdriver","driverVersion":"1.2.0","platform":"windows-10-32bit","javascriptEnabled":true,"takesScreenshot":false,"handlesAlerts":false,"databaseEnabled":false,"locationContextEnabled":false,"applicationCacheEnabled":false,"browserConnectionEnabled":false,"cssSelectorsEnabled":true,"webStorageEnabled":false,"rotatable":false,"acceptSslCerts":false,"nativeEvents":true,"proxy":{"httpProxy":"221.182.31.54:8080","proxyType":"MANUAL"},"phantomjs.page.settings.userAgent":"Mozilla/5.0 (iPhone; CPU iPhone OS 13_3_1 like Mac OS X) AppleWebKit/605.1.15 (KHTML, like Gecko) Mobile/15E148 MicroMessenger/7.0.12(0x17000c23) NetType/WIFI Language/zh_CN"}
[INFO  - 2021-01-29T14:49:33.986Z] SessionManagerReqHand - _postNewSessionCommand - New Session Created: 33686cd0-6241-11eb-9254-4de43086553e
[INFO  - 2021-01-29T14:49:40.371Z] GhostDriver - Main - running on port 39659
[INFO  - 2021-01-29T14:49:40.482Z] Session [37477bc0-6241-11eb-a512-89a85f0d98ec] - page.settings - {"XSSAuditingEnabled":false,"javascriptCanCloseWindows":true,"javascriptCanOpenWindows":true,"javascriptEnabled":true,"loadImages":true,"localToRemoteUrlAccessEnabled":false,"userAgent":"Mozilla/5.0 (iPhone; CPU iPhone OS 13_3 like Mac OS X) AppleWebKit/605.1.15 (KHTML, like Gecko) Mobile/15E148 MicroMessenger/6.7.3(0x16070321) NetType/WIFI Language/zh_CN","webSecurityEnabled":true}
[INFO  - 2021-01-29T14:49:40.482Z] Session [37477bc0-6241-11eb-a512-89a85f0d98ec] - page.customHeaders:  - {}
[INFO  - 2021-01-29T14:49:40.482Z] Session [37477bc0-6241-11eb-a512-89a85f0d98ec] - Session.negotiatedCapabilities - {"browserName":"phantomjs","version":"2.1.1","driverName":"ghostdriver","driverVersion":"1.2.0","platform":"windows-10-32bit","javascriptEnabled":true,"takesScreenshot":false,"handlesAlerts":false,"databaseEnabled":false,"locationContextEnabled":false,"applicationCacheEnabled":false,"browserConnectionEnabled":false,"cssSelectorsEnabled":true,"webStorageEnabled":false,"rotatable":false,"acceptSslCerts":false,"nativeEvents":true,"proxy":{"httpProxy":"221.182.31.54:8080","proxyType":"MANUAL"},"phantomjs.page.settings.userAgent":"Mozilla/5.0 (iPhone; CPU iPhone OS 13_3 like Mac OS X) AppleWebKit/605.1.15 (KHTML, like Gecko) Mobile/15E148 MicroMessenger/6.7.3(0x16070321) NetType/WIFI Language/zh_CN"}
[INFO  - 2021-01-29T14:49:40.482Z] SessionManagerReqHand - _postNewSessionCommand - New Session Created: 37477bc0-6241-11eb-a512-89a85f0d98ec
[INFO  - 2021-01-29T14:49:48.400Z] GhostDriver - Main - running on port 47638
[INFO  - 2021-01-29T14:49:48.465Z] Session [3c09bec0-6241-11eb-be77-c9b3d67b47fd] - page.settings - {"XSSAuditingEnabled":false,"javascriptCanCloseWindows":true,"javascriptCanOpenWindows":true,"javascriptEnabled":true,"loadImages":true,"localToRemoteUrlAccessEnabled":false,"userAgent":"Mozilla/5.0 (iPhone; CPU iPhone OS 13_3_1 like Mac OS X) AppleWebKit/605.1.15 (KHTML, like Gecko) Mobile/15E148 MicroMessenger/7.0.12(0x17000c23) NetType/WIFI Language/zh_CN","webSecurityEnabled":true}
[INFO  - 2021-01-29T14:49:48.465Z] Session [3c09bec0-6241-11eb-be77-c9b3d67b47fd] - page.customHeaders:  - {}
[INFO  - 2021-01-29T14:49:48.465Z] Session [3c09bec0-6241-11eb-be77-c9b3d67b47fd] - Session.negotiatedCapabilities - {"browserName":"phantomjs","version":"2.1.1","driverName":"ghostdriver","driverVersion":"1.2.0","platform":"windows-10-32bit","javascriptEnabled":true,"takesScreenshot":false,"handlesAlerts":false,"databaseEnabled":false,"locationContextEnabled":false,"applicationCacheEnabled":false,"browserConnectionEnabled":false,"cssSelectorsEnabled":true,"webStorageEnabled":false,"rotatable":false,"acceptSslCerts":false,"nativeEvents":true,"proxy":{"httpProxy":"221.182.31.54:8080","proxyType":"MANUAL"},"phantomjs.page.settings.userAgent":"Mozilla/5.0 (iPhone; CPU iPhone OS 13_3_1 like Mac OS X) AppleWebKit/605.1.15 (KHTML, like Gecko) Mobile/15E148 MicroMessenger/7.0.12(0x17000c23) NetType/WIFI Language/zh_CN"}
[INFO  - 2021-01-29T14:49:48.466Z] SessionManagerReqHand - _postNewSessionCommand - New Session Created: 3c09bec0-6241-11eb-be77-c9b3d67b47fd
[INFO  - 2021-01-29T14:56:35.311Z] GhostDriver - Main - running on port 6793
[INFO  - 2021-01-29T14:56:36.241Z] Session [2f176cc0-6242-11eb-ab0f-739d0d7e2c58] - page.settings - {"XSSAuditingEnabled":false,"javascriptCanCloseWindows":true,"javascriptCanOpenWindows":true,"javascriptEnabled":true,"loadImages":true,"localToRemoteUrlAccessEnabled":false,"userAgent":"Mozilla/5.0 (iPhone; CPU iPhone OS 13_6 like Mac OS X) AppleWebKit/605.1.15 (KHTML, like Gecko) Mobile/15E148 MicroMessenger/7.0.15(0x17000f28) NetType/WIFI Language/zh_CN","webSecurityEnabled":true}
[INFO  - 2021-01-29T14:56:36.241Z] Session [2f176cc0-6242-11eb-ab0f-739d0d7e2c58] - page.customHeaders:  - {}
[INFO  - 2021-01-29T14:56:36.241Z] Session [2f176cc0-6242-11eb-ab0f-739d0d7e2c58] - Session.negotiatedCapabilities - {"browserName":"phantomjs","version":"2.1.1","driverName":"ghostdriver","driverVersion":"1.2.0","platform":"windows-10-32bit","javascriptEnabled":true,"takesScreenshot":false,"handlesAlerts":false,"databaseEnabled":false,"locationContextEnabled":false,"applicationCacheEnabled":false,"browserConnectionEnabled":false,"cssSelectorsEnabled":true,"webStorageEnabled":false,"rotatable":false,"acceptSslCerts":false,"nativeEvents":true,"proxy":{"httpProxy":"120.232.175.244:80","proxyType":"MANUAL"},"phantomjs.page.settings.userAgent":"Mozilla/5.0 (iPhone; CPU iPhone OS 13_6 like Mac OS X) AppleWebKit/605.1.15 (KHTML, like Gecko) Mobile/15E148 MicroMessenger/7.0.15(0x17000f28) NetType/WIFI Language/zh_CN"}
[INFO  - 2021-01-29T14:56:36.241Z] SessionManagerReqHand - _postNewSessionCommand - New Session Created: 2f176cc0-6242-11eb-ab0f-739d0d7e2c58
[ERROR - 2021-01-29T14:56:39.186Z] Session [2f176cc0-6242-11eb-ab0f-739d0d7e2c58] - page.onError - msg: TypeError: ClipboardConstructor is not a constructor (evaluating 'new Clipboard('.content', {
    text: function() {
        return(arr11[index11]);
    }
})')
[ERROR - 2021-01-29T14:56:39.186Z] Session [2f176cc0-6242-11eb-ab0f-739d0d7e2c58] - page.onError - stack:
  global code (http://www.lxxh7.com/?s=%E5%A4%95%E9%98%B3%E7%BA%A2:82)
[INFO  - 2021-01-29T14:56:41.841Z] GhostDriver - Main - running on port 2392
[INFO  - 2021-01-29T14:56:41.906Z] Session [3277d5d0-6242-11eb-ba50-613876fc00c3] - page.settings - {"XSSAuditingEnabled":false,"javascriptCanCloseWindows":true,"javascriptCanOpenWindows":true,"javascriptEnabled":true,"loadImages":true,"localToRemoteUrlAccessEnabled":false,"userAgent":"Mozilla/5.0 (iPhone; CPU iPhone OS 13_6 like Mac OS X) AppleWebKit/605.1.15 (KHTML, like Gecko) Mobile/15E148 MicroMessenger/7.0.15(0x17000f28) NetType/WIFI Language/zh_CN","webSecurityEnabled":true}
[INFO  - 2021-01-29T14:56:41.906Z] Session [3277d5d0-6242-11eb-ba50-613876fc00c3] - page.customHeaders:  - {}
[INFO  - 2021-01-29T14:56:41.906Z] Session [3277d5d0-6242-11eb-ba50-613876fc00c3] - Session.negotiatedCapabilities - {"browserName":"phantomjs","version":"2.1.1","driverName":"ghostdriver","driverVersion":"1.2.0","platform":"windows-10-32bit","javascriptEnabled":true,"takesScreenshot":false,"handlesAlerts":false,"databaseEnabled":false,"locationContextEnabled":false,"applicationCacheEnabled":false,"browserConnectionEnabled":false,"cssSelectorsEnabled":true,"webStorageEnabled":false,"rotatable":false,"acceptSslCerts":false,"nativeEvents":true,"proxy":{"httpProxy":"120.232.175.244:80","proxyType":"MANUAL"},"phantomjs.page.settings.userAgent":"Mozilla/5.0 (iPhone; CPU iPhone OS 13_6 like Mac OS X) AppleWebKit/605.1.15 (KHTML, like Gecko) Mobile/15E148 MicroMessenger/7.0.15(0x17000f28) NetType/WIFI Language/zh_CN"}
[INFO  - 2021-01-29T14:56:41.907Z] SessionManagerReqHand - _postNewSessionCommand - New Session Created: 3277d5d0-6242-11eb-ba50-613876fc00c3
[ERROR - 2021-01-29T14:56:43.193Z] Session [3277d5d0-6242-11eb-ba50-613876fc00c3] - page.onError - msg: TypeError: ClipboardConstructor is not a constructor (evaluating 'new Clipboard('.content', {
    text: function() {
        return(arr11[index11]);
    }
})')
[ERROR - 2021-01-29T14:56:43.193Z] Session [3277d5d0-6242-11eb-ba50-613876fc00c3] - page.onError - stack:
  global code (http://www.lxxh7.com/%E5%87%A1%E4%BA%BA%E7%9A%84%E5%93%81%E6%A0%BC%E6%9B%B4%E6%96%B0%E8%87%B318%E9%9B%86%E5%9B%BD%E4%BA%A7%E5%89%A7/:86)
[INFO  - 2021-01-29T14:56:45.977Z] GhostDriver - Main - running on port 24221
[INFO  - 2021-01-29T14:56:46.071Z] Session [34f35d20-6242-11eb-92d6-c55f11276b89] - page.settings - {"XSSAuditingEnabled":false,"javascriptCanCloseWindows":true,"javascriptCanOpenWindows":true,"javascriptEnabled":true,"loadImages":true,"localToRemoteUrlAccessEnabled":false,"userAgent":"Mozilla/5.0 (iPhone; CPU iPhone OS 13_0 like Mac OS X) AppleWebKit/604.3.5 (KHTML, like Gecko) Version/13.0 MQQBrowser/10.1.0 Mobile/15B87 Safari/604.1 QBWebViewUA/2 QBWebViewType/1 WKType/1","webSecurityEnabled":true}
[INFO  - 2021-01-29T14:56:46.071Z] Session [34f35d20-6242-11eb-92d6-c55f11276b89] - page.customHeaders:  - {}
[INFO  - 2021-01-29T14:56:46.071Z] Session [34f35d20-6242-11eb-92d6-c55f11276b89] - Session.negotiatedCapabilities - {"browserName":"phantomjs","version":"2.1.1","driverName":"ghostdriver","driverVersion":"1.2.0","platform":"windows-10-32bit","javascriptEnabled":true,"takesScreenshot":false,"handlesAlerts":false,"databaseEnabled":false,"locationContextEnabled":false,"applicationCacheEnabled":false,"browserConnectionEnabled":false,"cssSelectorsEnabled":true,"webStorageEnabled":false,"rotatable":false,"acceptSslCerts":false,"nativeEvents":true,"proxy":{"httpProxy":"120.232.175.244:80","proxyType":"MANUAL"},"phantomjs.page.settings.userAgent":"Mozilla/5.0 (iPhone; CPU iPhone OS 13_0 like Mac OS X) AppleWebKit/604.3.5 (KHTML, like Gecko) Version/13.0 MQQBrowser/10.1.0 Mobile/15B87 Safari/604.1 QBWebViewUA/2 QBWebViewType/1 WKType/1"}
[INFO  - 2021-01-29T14:56:46.071Z] SessionManagerReqHand - _postNewSessionCommand - New Session Created: 34f35d20-6242-11eb-92d6-c55f11276b89
[ERROR - 2021-01-29T14:56:47.154Z] Session [34f35d20-6242-11eb-92d6-c55f11276b89] - page.onError - msg: TypeError: ClipboardConstructor is not a constructor (evaluating 'new Clipboard('.content', {
    text: function() {
        return(arr11[index11]);
    }
})')
[ERROR - 2021-01-29T14:56:47.154Z] Session [34f35d20-6242-11eb-92d6-c55f11276b89] - page.onError - stack:
  global code (http://www.lxxh7.com/%E7%83%AD%E8%A1%80%E9%AB%98%E6%A0%A12018%E5%85%A8%E9%9B%86%E5%9B%BD%E4%BA%A7%E5%89%A7/:87)
[INFO  - 2021-01-29T14:56:49.734Z] GhostDriver - Main - running on port 28850
[INFO  - 2021-01-29T14:56:49.768Z] Session [37275420-6242-11eb-a7de-0b2b625fa8b2] - page.settings - {"XSSAuditingEnabled":false,"javascriptCanCloseWindows":true,"javascriptCanOpenWindows":true,"javascriptEnabled":true,"loadImages":true,"localToRemoteUrlAccessEnabled":false,"userAgent":"Mozilla/5.0 (iPhone; CPU iPhone OS 13_3_1 like Mac OS X) AppleWebKit/605.1.15 (KHTML, like Gecko) Mobile/15E148 MicroMessenger/7.0.12(0x17000c23) NetType/WIFI Language/zh_CN","webSecurityEnabled":true}
[INFO  - 2021-01-29T14:56:49.768Z] Session [37275420-6242-11eb-a7de-0b2b625fa8b2] - page.customHeaders:  - {}
[INFO  - 2021-01-29T14:56:49.768Z] Session [37275420-6242-11eb-a7de-0b2b625fa8b2] - Session.negotiatedCapabilities - {"browserName":"phantomjs","version":"2.1.1","driverName":"ghostdriver","driverVersion":"1.2.0","platform":"windows-10-32bit","javascriptEnabled":true,"takesScreenshot":false,"handlesAlerts":false,"databaseEnabled":false,"locationContextEnabled":false,"applicationCacheEnabled":false,"browserConnectionEnabled":false,"cssSelectorsEnabled":true,"webStorageEnabled":false,"rotatable":false,"acceptSslCerts":false,"nativeEvents":true,"proxy":{"httpProxy":"120.232.175.244:80","proxyType":"MANUAL"},"phantomjs.page.settings.userAgent":"Mozilla/5.0 (iPhone; CPU iPhone OS 13_3_1 like Mac OS X) AppleWebKit/605.1.15 (KHTML, like Gecko) Mobile/15E148 MicroMessenger/7.0.12(0x17000c23) NetType/WIFI Language/zh_CN"}
[INFO  - 2021-01-29T14:56:49.768Z] SessionManagerReqHand - _postNewSessionCommand - New Session Created: 37275420-6242-11eb-a7de-0b2b625fa8b2
[ERROR - 2021-01-29T14:56:50.729Z] Session [37275420-6242-11eb-a7de-0b2b625fa8b2] - page.onError - msg: TypeError: ClipboardConstructor is not a constructor (evaluating 'new Clipboard('.content', {
    text: function() {
        return(arr11[index11]);
    }
})')
[ERROR - 2021-01-29T14:56:50.730Z] Session [37275420-6242-11eb-a7de-0b2b625fa8b2] - page.onError - stack:
  global code (http://www.lxxh7.com/%E8%B5%A4%E7%84%B0%E6%88%98%E5%9C%BA12bd%E9%AB%98%E6%B8%85%E4%B8%AD%E8%8B%B1%E5%8F%8C%E5%AD%97/:87)
[INFO  - 2021-01-29T15:08:41.109Z] GhostDriver - Main - running on port 39802
[INFO  - 2021-01-29T15:08:41.923Z] Session [dfa140b0-6243-11eb-8c22-1beac2d35158] - page.settings - {"XSSAuditingEnabled":false,"javascriptCanCloseWindows":[INFO  - 2021-01-29T15:08:42.402Z] Session [dfeaa5c0-6243-11eb-ac1a-f3d81ed9fb24] - page.settings - {"XSSAuditingEnabled":false,"javascriptCanCloseWindows":true,"javascriptCanOpenWindows":true,"javascriptEnabled":true,"loadImages":true,"localToRemoteUrlAccessEnabled":false,"userAgent":"Mozilla/5.0 (iPhone; CPU iPhone OS 13_0 like Mac OS X) AppleWebKit/604.3.5 (KHTML, like Gecko) Version/13.0 MQQBrowser/10.1.0 Mobile/15B87 Safari/604.1 QBWebViewUA/2 QBWebViewType/1 WKType/1","webSecurityEnabled":true}
[INFO  - 2021-01-29T15:08:42.402Z] Session [dfeaa5c0-6243-11eb-ac1a-f3d81ed9fb24] - page.customHeaders:  - {}
[INFO  - 2021-01-29T15:08:42.402Z] Session [dfeaa5c0-6243-11eb-ac1a-f3d81ed9fb24] - Session.negotiatedCapabilities - {"browserName":"phantomjs","version":"2.1.1","driverName":"ghostdriver","driverVersion":"1.2.0","platform":"windows-10-32bit","javascriptEnabled":true,"takesScreenshot":false,"handlesAlerts":false,"databaseEnabled":false,"locationContextEnabled":false,"applicationCacheEnabled":false,"browserConnectionEnabled":false,"cssSelectorsEnabled":true,"webStorageEnabled":false,"rotatable":false,"acceptSslCerts":false,"nativeEvents":true,"proxy":{"httpProxy":"117.185.17.16:80","proxyType":"MANUAL"},"phantomjs.page.settings.userAgent":"Mozilla/5.0 (iPhone; CPU iPhone OS 13_0 like Mac OS X) AppleWebKit/604.3.5 (KHTML, like Gecko) Version/13.0 MQQBrowser/10.1.0 Mobile/15B87 Safari/60[ERROR - 2021-01-29T15:09:54.671Z] Session [dfa140b0-6243-11eb-8c22-1be[INFO  - 2021-01-29T15:13:41.393Z] SessionManagerReqHand - _cleanupWindowlessSess[INFO  - 2021-01-29T15:13:41.739Z] SessionManagerReqHand - _cleanupWindowlessSessions - Asynchronous Sessions clean-up phase starting NOW
ssions clean-up phase starting NOW
b-8c22-1beac2d35158] - page.onError - stack:
  global code (http://www.lxxh7.com/?s=%E5%83%B5%E5%B0%B8:82)
[INFO  - 2021-01-29T15:13:41.089Z] SessionManagerReqHand - _cleanupWindowlessSessions - Asynchronous Sessions clean-up phase starting NOW
=1.4.1:2)
[ERROR - 2021-01-29T15:08:43.868Z] Session [dfd54900-6243-11eb-a701-abcaa2bf367d] - page.onError - msg: TypeError: ClipboardConstructor is not a constructor (evaluating 'new Clipboard('.content', {
    text: function() {
        return(arr11[index11]);
    }
})')
[ERROR - 2021-01-29T15:08:43.869Z] Session [dfd54900-6243-11eb-a701-abcaa2bf367d] - page.onError - stack:
  global code (http://www.lxxh7.com/?s=%E5%83%B5%E5%B0%B8:82)
[ERROR - 2021-01-29T15:08:43.918Z] Session [dfd54900-6243-11eb-a701-abcaa2bf367d] - page.onError - msg: ReferenceError: Can't find variable: jQuery
[ERROR - 2021-01-29T15:08:43.918Z] Session [dfd54900-6243-11eb-a701-abcaa2bf367d] - page.onError - stack:
  global code (http://www.lxxh7.com/wp-content/themes/minty--/getdouban/getdb.js?ver=4.9.16:7)
[ERROR - 2021-01-29T15:08:43.920Z] Session [dfd54900-6243-11eb-a701-abcaa2bf367d] - page.onError - msg: ReferenceError: Can't find variable: jQuery
[ERROR - 2021-01-29T15:08:43.920Z] Session [dfd54900-6243-11eb-a701-abcaa2bf367d] - page.onError - stack:
  global code (http://www.lxxh7.com/wp-content/themes/minty--/js/script.min.js?ver=6002d7c9e1c60:3)
[INFO  - 2021-01-29T15:13:42.221Z] SessionManagerReqHand - _cleanupWindowlessSessions - Asynchronous Sessions clean-up phase starting NOW
eb-bbf2-53753ce2b659] - page.settings - {"XSSAuditingEnabled":false,"javascriptCanCloseWindows":true,"javascriptCanOpenWindows":true,"javascriptEnabled":true,"loadImages":true,"localToRemoteUrlAccessEnabled":false,"userAgent":"Mozilla/5.0 (iPhone; CPU iPhone OS 13_0 like Mac OS X) AppleWebKit/604.3.5 (KHTML, like Gecko) Version/13.0 MQQBrowser/10.1.0 Mobile/15B87 Safari/604.1 QBWebViewUA/2 QBWebViewType/1 WKType/1","webSecurityEnabled":true}
[INFO  - 2021-01-29T15:08:44.953Z] Session [e16fbf20-6243-11eb-bbf2-53753ce2b659] - page.customHeaders:  - {}
[INFO  - 2021-01-29T15:08:44.953Z] Session [e16fbf20-6243-11eb-bbf2-53753ce2b659] - Session.negotiatedCapabilities - {"browserName":"phantomjs","version":"2.1.1","driverName":"ghostdriver","driverVersion":"1.2.0","platform":"windows-10-32bit","javascriptEnabled":true,"takesScreenshot":false,"handlesAlerts":false,"databaseEnabled":false,"locationContextEnabled":false,"applicationCacheEnabled":false,"browserConnectionEnabled":false,"cssSelectorsEnabled":true,"webStorageEnabled":false,"rotatable":false,"acceptSslCerts":false,"nativeEvents":true,"proxy":{"httpProxy":"117.185.17.16:80","proxyType":"MANUAL"},"phantomjs.page.settings.userAgent":"Mozilla/5.0 (iPhone; CPU iPhone OS 13_0 like Mac OS X) AppleWebKit/604.3.5 (KHTML, like Gecko) Version/13.0 MQQBrowser/10.1.0 Mobile/15B87 Safari/604.1 QBWebViewUA/2 QBWebViewType/1 WKType/1"}
[INFO  - 2021-01-29T15:08:44.953Z] SessionManagerReqHand - _postNewSessionCommand - New Session Created: e16fbf20-6243-11eb-bbf2-53753ce2b659
[INFO  - 2021-01-29T15:13:44.957Z] SessionManagerReqHand - _cleanupWindowlessSessions - Asynchronous Sessions clean-up phase starting NOW
eb-8783-41688cdc2c15] - page.settings - {"XSSAuditingEnabled":false,"javascriptCanCloseWindows":true,"javascriptCanOpenWindows":true,"javascriptEnabled":true,"loadImages":true,"localToRemoteUrlAccessEnabled":false,"userAgent":"Mozilla/5.0 (iPhone; CPU iPhone OS 14_3 like Mac OS X) AppleWebKit/605.1.15 (KHTML, like Gecko) Mobile/15E148 MicroMessenger/7.0.20(0x17001428) NetType/4G Language/zh_CN","webSecurityEnabled":true}
[INFO  - 2021-01-29T15:08:47.604Z] Session [e30468e0-6243-11eb-8783-41688cdc2c15] - page.customHeaders:  - {}
[INFO  - 2021-01-29T15:08:47.604Z] Session [e30468e0-6243-11eb-8783-41688cdc2c15] - Session.negotiatedCapabilities - {"browserName":"phantomjs","version":"2.1.1","driverName":"ghostdriver","driverVersion":"1.2.0","platform":"windows-10-32bit","javascriptEnabled":true,"takesScreenshot":false,"handlesAlerts":false,"databaseEnabled":false,"locationContextEnabled":false,"applicationCacheEnabled":false,"browserConnectionEnabled":false,"cssSelectorsEnabled":true,"webStorageEnabled":false,"rotatable":false,"acceptSslCerts":false,"nativeEvents":true,"proxy":{"httpProxy":"115.236.136.246:80","proxyType":"MANUAL"},"phantomjs.page.settings.userAgent":"Mozilla/5.0 (iPhone; CPU iPhone OS 14_3 like Mac OS X) AppleWebKit/605.1.15 (KHTML, like Gecko) Mobile/15E148 MicroMessenger/7.0.20(0x17001428) NetType/4G Language/zh_CN"}
[INFO  - 2021-01-29T15:08:47.605Z] SessionManagerReqHand - _postNewSessionCommand - New Session Created: e30468e0-6243-11eb-8783-41688cdc2c15
[ERROR - 2021-01-29T15:08:48.472Z] Session [e30468e0-6243-11eb-8783-41688cdc2c15] - page.onError - msg: TypeError: ClipboardConstructor is not a constructor (evaluating 'new Clipboard('.content', {
    text: function() {
        return(arr11[index11]);
    }
})')
[ERROR - 2021-01-29T15:08:48.472Z] Session [e30468e0-6243-11eb-8783-41688cdc2c15] - page.onError - stack:
  global code (http://www.lxxh7.com/%E5%83%B5%E5%B0%B8-%E6%AE%AD%E5%B1%8D-2013%E5%89%A7%E6%83%85-%E5%8A%A8%E4%BD%9C-%E6%81%90%E6%80%96%E9%A6%99%E6%B8%AF/:87)
[INFO  - 2021-01-29T15:13:47.502Z] SessionManagerReqHand - _cleanupWindowlessSessions - Asynchronous Sessions clean-up phase starting NOW
eb-b0ad-0d1d8fb54fea] - page.settings - {"XSSAuditingEnabled":false,"javascriptCanCloseWindows":true,"javascriptCanOpenWindows":true,"javascriptEnabled":true,"loadImages":true,"localToRemoteUrlAccessEnabled":false,"userAgent":"Mozilla/5.0 (iPhone; CPU iPhone OS 13_6 like Mac OS X) AppleWebKit/605.1.15 (KHTML, like Gecko) Mobile/15E148 MicroMessenger/7.0.15(0x17000f28) NetType/WIFI Language/zh_CN","webSecurityEnabled":true}
[INFO  - 2021-01-29T15:08:51.216Z] Session [e52b6790-6243-11eb-b0ad-0d1d8fb54fea] - page.customHeaders:  - {}
[INFO  - 2021-01-29T15:08:51.216Z] Session [e52b6790-6243-11eb-b0ad-0d1d8fb54fea] - Session.negotiatedCapabilities - {"browserName":"phantomjs","version":"2.1.1","driverName":"ghostdriver","driverVersion":"1.2.0","platform":"windows-10-32bit","javascriptEnabled":true,"takesScreenshot":false,"handlesAlerts":false,"databaseEnabled":false,"locationContextEnabled":false,"applicationCacheEnabled":false,"browserConnectionEnabled":false,"cssSelectorsEnabled":true,"webStorageEnabled":false,"rotatable":false,"acceptSslCerts":false,"nativeEvents":true,"proxy":{"httpProxy":"115.236.136.246:80","proxyType":"MANUAL"},"phantomjs.page.settings.userAgent":"Mozilla/5.0 (iPhone; CPU iPhone OS 13_6 like Mac OS X) AppleWebKit/605.1.15 (KHTML, like Gecko) Mobile/15E148 MicroMessenger/7.0.15(0x17000f28) NetType/WIFI Language/zh_CN"}
[INFO  - 2021-01-29T15:08:51.217Z] SessionManagerReqHand - _postNewSessionCommand - New Session Created: e52b6790-6243-11eb-b0ad-0d1d8fb54fea
[ERROR - 2021-01-29T15:08:52.524Z] Session [e52b6790-6243-11eb-b0ad-0d1d8fb54fea] - page.onError - msg: TypeError: ClipboardConstructor is not a constructor (evaluating 'new Clipboard('.content', {
    text: function() {
        return(arr11[index11]);
    }
})')
[ERROR - 2021-01-29T15:08:52.524Z] Session [e52b6790-6243-11eb-b0ad-0d1d8fb54fea] - page.onError - stack:
  global code (http://www.lxxh7.com/%E5%83%B5%E5%B0%B8%E7%8C%8E%E4%BA%BA-zombie-hunter2013%E5%8A%A8%E4%BD%9C-%E6%83%8A%E6%82%9A%E7%BE%8E%E5%9B%BD/:86)
[INFO  - 2021-01-29T15:13:51.123Z] SessionManagerReqHand - _cleanupWindowlessSessions - Asynchronous Sessions clean-up phase starting NOW
eb-ad85-277a84605644] - page.settings - {"XSSAuditingEnabled":false,"javascriptCanCloseWindows":true,"javascriptCanOpenWindows":true,"javascriptEnabled":true,"loadImages":true,"localToRemoteUrlAccessEnabled":false,"userAgent":"Mozilla/5.0 (iPhone; CPU iPhone OS 13_0 like Mac OS X) AppleWebKit/604.3.5 (KHTML, like Gecko) Version/13.0 MQQBrowser/10.1.0 Mobile/15B87 Safari/604.1 QBWebViewUA/2 QBWebViewType/1 WKType/1","webSecurityEnabled":true}
[INFO  - 2021-01-29T15:08:56.046Z] Session [e80c6770-6243-11eb-ad85-277a84605644] - page.customHeaders:  - {}
[INFO  - 2021-01-29T15:08:56.047Z] Session [e80c6770-6243-11eb-ad85-277a84605644] - Session.negotiatedCapabilities - {"browserName":"phantomjs","version":"2.1.1","driverName":"ghostdriver","driverVersion":"1.2.0","platform":"windows-10-32bit","javascriptEnabled":true,"takesScreenshot":false,"handlesAlerts":false,"databaseEnabled":false,"locationContextEnabled":false,"applicationCacheEnabled":false,"browserConnectionEnabled":false,"cssSelectorsEnabled":true,"webStorageEnabled":false,"rotatable":false,"acceptSslCerts":false,"nativeEvents":true,"proxy":{"httpProxy":"115.236.136.246:80","proxyType":"MANUAL"},"phantomjs.page.settings.userAgent":"Mozilla/5.0 (iPhone; CPU iPhone OS 13_0 like Mac OS X) AppleWebKit/604.3.5 (KHTML, like Gecko) Version/13.0 MQQBrowser/10.1.0 Mobile/15B87 Safari/604.1 QBWebViewUA/2 QBWebViewType/1 WKType/1"}
[INFO  - 2021-01-29T15:08:56.047Z] SessionManagerReqHand - _postNewSessionCommand - New Session Created: e80c6770-6243-11eb-ad85-277a84605644
[ERROR - 2021-01-29T15:08:59.161Z] Session [e80c6770-6243-11eb-ad85-277a84605644] - page.onError - msg: TypeError: ClipboardConstructor is not a constructor (evaluating 'new Clipboard('.content', {
    text: function() {
        return(arr11[index11]);
    }
})')
[ERROR - 2021-01-29T15:08:59.161Z] Session [e80c6770-6243-11eb-ad85-277a84605644] - page.onError - stack:
  global code (http://www.lxxh7.com/%E5%83%B5%E5%B0%B8%E5%BD%92%E6%9D%A513%E6%83%8A%E6%82%9A%E6%81%90%E6%80%96%E4%B8%AD%E5%9B%BD/:86)
[INFO  - 2021-01-29T15:13:55.361Z] SessionManagerReqHand - _cleanupWindowlessSessions - Asynchronous Sessions clean-up phase starting NOW
eb-af12-9b5a551b791a] - page.settings - {"XSSAuditingEnabled":false,"javascriptCanCloseWindows":true,"javascriptCanOpenWindows":true,"javascriptEnabled":true,"loadImages":true,"localToRemoteUrlAccessEnabled":false,"userAgent":"Mozilla/5.0 (iPhone; CPU iPhone OS 13_6 like Mac OS X) AppleWebKit/605.1.15 (KHTML, like Gecko) Mobile/15E148 MicroMessenger/7.0.15(0x17000f28) NetType/WIFI Language/zh_CN","webSecurityEnabled":true}
[INFO  - 2021-01-29T15:09:12.733Z] Session [f1fef180-6243-11eb-af12-9b5a551b791a] - page.customHeaders:  - {}
[INFO  - 2021-01-29T15:09:12.733Z] Session [f1fef180-6243-11eb-af12-9b5a551b791a] - Session.negotiatedCapabilities - {"browserName":"phantomjs","version":"2.1.1","driverName":"ghostdriver","driverVersion":"1.2.0","platform":"windows-10-32bit","javascriptEnabled":true,"takesScreenshot":false,"handlesAlerts":false,"databaseEnabled":false,"locationContextEnabled":false,"applicationCacheEnabled":false,"browserConnectionEnabled":false,"cssSelectorsEnabled":true,"webStorageEnabled":false,"rotatable":false,"acceptSslCerts":false,"nativeEvents":true,"proxy":{"httpProxy":"115.236.136.246:80","proxyType":"MANUAL"},"phantomjs.page.settings.userAgent":"Mozilla/5.0 (iPhone; CPU iPhone OS 13_6 like Mac OS X) AppleWebKit/605.1.15 (KHTML, like Gecko) Mobile/15E148 MicroMessenger/7.0.15(0x17000f28) NetType/WIFI Language/zh_CN"}
[INFO  - 2021-01-29T15:09:12.734Z] SessionManagerReqHand - _postNewSessionCommand - New Session Created: f1fef180-6243-11eb-af12-9b5a551b791a
[ERROR - 2021-01-29T15:09:13.827Z] Session [f1fef180-6243-11eb-af12-9b5a551b791a] - page.onError - msg: TypeError: ClipboardConstructor is not a constructor (evaluating 'new Clipboard('.content', {
    text: function() {
        return(arr11[index11]);
    }
})')
[ERROR - 2021-01-29T15:09:13.827Z] Session [f1fef180-6243-11eb-af12-9b5a551b791a] - page.onError - stack:
  global code (http://www.lxxh7.com/%E5%83%B5%E5%B0%B8%E5%AE%B6%E6%97%8F-%E6%AE%AD%E5%B1%8D%E5%AE%B6%E6%97%8F1986%E5%96%9C%E5%89%A7-%E6%82%AC%E7%96%91%E9%A6%99%E6%B8%AF/:86)
[INFO  - 2021-01-29T15:14:12.566Z] SessionManagerReqHand - _cleanupWindowlessSessions - Asynchronous Sessions clean-up phase starting NOW
eb-93ca-fb8d634ae830] - page.settings - {"XSSAuditingEnabled":false,"javascriptCanCloseWindows":true,"javascriptCanOpenWindows":true,"javascriptEnabled":true,"loadImages":true,"localToRemoteUrlAccessEnabled":false,"userAgent":"Mozilla/5.0 (iPhone; CPU iPhone OS 13_3 like Mac OS X) AppleWebKit/605.1.15 (KHTML, like Gecko) Mobile/15E148 MicroMessenger/6.7.3(0x16070321) NetType/WIFI Language/zh_CN","webSecurityEnabled":true}
[INFO  - 2021-01-29T15:09:17.389Z] Session [f4c56480-6243-11eb-93ca-fb8d634ae830] - page.customHeaders:  - {}
[INFO  - 2021-01-29T15:09:17.389Z] Session [f4c56480-6243-11eb-93ca-fb8d634ae830] - Session.negotiatedCapabilities - {"browserName":"phantomjs","version":"2.1.1","driverName":"ghostdriver","driverVersion":"1.2.0","platform":"windows-10-32bit","javascriptEnabled":true,"takesScreenshot":false,"handlesAlerts":false,"databaseEnabled":false,"locationContextEnabled":false,"applicationCacheEnabled":false,"browserConnectionEnabled":false,"cssSelectorsEnabled":true,"webStorageEnabled":false,"rotatable":false,"acceptSslCerts":false,"nativeEvents":true,"proxy":{"httpProxy":"115.236.136.246:80","proxyType":"MANUAL"},"phantomjs.page.settings.userAgent":"Mozilla/5.0 (iPhone; CPU iPhone OS 13_3 like Mac OS X) AppleWebKit/605.1.15 (KHTML, like Gecko) Mobile/15E148 MicroMessenger/6.7.3(0x16070321) NetType/WIFI Language/zh_CN"}
[INFO  - 2021-01-29T15:09:17.390Z] SessionManagerReqHand - _postNewSessionCommand - New Session Created: f4c56480-6243-11eb-93ca-fb8d634ae830
[ERROR - 2021-01-29T15:09:33.888Z] Session [f4c56480-6243-11eb-93ca-fb8d634ae830] - page.onError - msg: TypeError: ClipboardConstructor is not a constructor (evaluating 'new Clipboard('.content', {
    text: function() {
        return(arr11[index11]);
    }
})')
[ERROR - 2021-01-29T15:09:33.888Z] Session [f4c56480-6243-11eb-93ca-fb8d634ae830] - page.onError - stack:
  global code (http://www.lxxh7.com/%E5%83%B5%E5%B0%B8%E9%AB%98%E6%A0%A1-z-o-m-b-i-e-s2018%E7%88%B1%E6%83%85-%E6%AD%8C%E8%88%9E%E7%BE%8E%E5%9B%BD/:87)
[INFO  - 2021-01-29T15:14:17.268Z] SessionManagerReqHand - _cleanupWindowlessSessions - Asynchronous Sessions clean-up phase starting NOW
eb-b2fd-5d9bf8179dc3] - page.settings - {"XSSAuditingEnabled":false,"javascriptCanCloseWindows":true,"javascriptCanOpenWindows":true,"javascriptEnabled":true,"loadImages":true,"localToRemoteUrlAccessEnabled":false,"userAgent":"Mozilla/5.0 (iPhone; CPU iPhone OS 14_3 like Mac OS X) AppleWebKit/605.1.15 (KHTML, like Gecko) Mobile/15E148 MicroMessenger/7.0.20(0x17001428) NetType/4G Language/zh_CN","webSecurityEnabled":true}
[INFO  - 2021-01-29T15:09:39.212Z] Session [01c70350-6244-11eb-b2fd-5d9bf8179dc3] - page.customHeaders:  - {}
[INFO  - 2021-01-29T15:09:39.212Z] Session [01c70350-6244-11eb-b2fd-5d9bf8179dc3] - Session.negotiatedCapabilities - {"browserName":"phantomjs","version":"2.1.1","driverName":"ghostdriver","driverVersion":"1.2.0","platform":"windows-10-32bit","javascriptEnabled":true,"takesScreenshot":false,"handlesAlerts":false,"databaseEnabled":false,"locationContextEnabled":false,"applicationCacheEnabled":false,"browserConnectionEnabled":false,"cssSelectorsEnabled":true,"webStorageEnabled":false,"rotatable":false,"acceptSslCerts":false,"nativeEvents":true,"proxy":{"httpProxy":"115.236.136.246:80","proxyType":"MANUAL"},"phantomjs.page.settings.userAgent":"Mozilla/5.0 (iPhone; CPU iPhone OS 14_3 like Mac OS X) AppleWebKit/605.1.15 (KHTML, like Gecko) Mobile/15E148 MicroMessenger/7.0.20(0x17001428) NetType/4G Language/zh_CN"}
[INFO  - 2021-01-29T15:09:39.212Z] SessionManagerReqHand - _postNewSessionCommand - New Session Created: 01c70350-6244-11eb-b2fd-5d9bf8179dc3
[ERROR - 2021-01-29T15:09:41.262Z] Session [01c70350-6244-11eb-b2fd-5d9bf8179dc3] - page.onError - msg: TypeError: ClipboardConstructor is not a constructor (evaluating 'new Clipboard('.content', {
    text: function() {
        return(arr11[index11]);
    }
})')
[ERROR - 2021-01-29T15:09:41.262Z] Session [01c70350-6244-11eb-b2fd-5d9bf8179dc3] - page.onError - stack:
  global code (http://www.lxxh7.com/%E5%83%B5%E5%B0%B8%E5%9B%BD%E5%BA%A6-z-nation-s01s03-%E6%9B%B4%E6%96%B0%E8%87%B3s03e06%E7%BE%8E%E5%89%A7/:87)
[INFO  - 2021-01-29T15:14:39.065Z] SessionManagerReqHand - _cleanupWindowlessSessions - Asynchronous Sessions clean-up phase starting NOW
eb-9e3f-1325a84f0a2f] - page.settings - {"XSSAuditingEnabled":false,"javascriptCanCloseWindows":true,"javascriptCanOpenWindows":true,"javascriptEnabled":true,"loadImages":true,"localToRemoteUrlAccessEnabled":false,"userAgent":"Mozilla/5.0 (iPhone; CPU iPhone OS 14_3 like Mac OS X) AppleWebKit/605.1.15 (KHTML, like Gecko) Mobile/15E148 MicroMessenger/7.0.20(0x17001428) NetType/4G Language/zh_CN","webSecurityEnabled":true}
[INFO  - 2021-01-29T15:09:44.198Z] Session [04c01f10-6244-11eb-9e3f-1325a84f0a2f] - page.customHeaders:  - {}
[INFO  - 2021-01-29T15:09:44.199Z] Session [04c01f10-6244-11eb-9e3f-1325a84f0a2f] - Session.negotiatedCapabilities - {"browserName":"phantomjs","version":"2.1.1","driverName":"ghostdriver","driverVersion":"1.2.0","platform":"windows-10-32bit","javascriptEnabled":true,"takesScreenshot":false,"handlesAlerts":false,"databaseEnabled":false,"locationContextEnabled":false,"applicationCacheEnabled":false,"browserConnectionEnabled":false,"cssSelectorsEnabled":true,"webStorageEnabled":false,"rotatable":false,"acceptSslCerts":false,"nativeEvents":true,"proxy":{"httpProxy":"115.236.136.246:80","proxyType":"MANUAL"},"phantomjs.page.settings.userAgent":"Mozilla/5.0 (iPhone; CPU iPhone OS 14_3 like Mac OS X) AppleWebKit/605.1.15 (KHTML, like Gecko) Mobile/15E148 MicroMessenger/7.0.20(0x17001428) NetType/4G Language/zh_CN"}
[INFO  - 2021-01-29T15:09:44.199Z] SessionManagerReqHand - _postNewSessionCommand - New Session Created: 04c01f10-6244-11eb-9e3f-1325a84f0a2f
[ERROR - 2021-01-29T15:09:45.984Z] Session [04c01f10-6244-11eb-9e3f-1325a84f0a2f] - page.onError - msg: ReferenceError: Can't find variable: jQuery
[ERROR - 2021-01-29T15:09:45.984Z] Session [04c01f10-6244-11eb-9e3f-1325a84f0a2f] - page.onError - stack:
  global code (http://www.lxxh7.com/wp-includes/js/jquery/jquery-migrate.min.js?ver=1.4.1:2)
[ERROR - 2021-01-29T15:09:46.001Z] Session [04c01f10-6244-11eb-9e3f-1325a84f0a2f] - page.onError - msg: TypeError: ClipboardConstructor is not a constructor (evaluating 'new Clipboard('.content', {
    text: function() {
        return(arr11[index11]);
    }
})')
[ERROR - 2021-01-29T15:09:46.001Z] Session [04c01f10-6244-11eb-9e3f-1325a84f0a2f] - page.onError - stack:
  global code (http://www.lxxh7.com/%E5%83%B5%E5%B0%B8%E6%96%B0%E5%A8%98-corpse-bride-2005%E7%88%B1%E6%83%85-%E5%8A%A8%E7%94%BB-%E6%AD%8C%E8%88%9E-%E5%A5%87%E5%B9%BB%E8%8B%B1%E5%9B%BD%E7%BE%8E%E5%9B%BD/:87)
[ERROR - 2021-01-29T15:09:46.129Z] Session [04c01f10-6244-11eb-9e3f-1325a84f0a2f] - page.onError - msg: ReferenceError: Can't find variable: jQuery
[ERROR - 2021-01-29T15:09:46.130Z] Session [04c01f10-6244-11eb-9e3f-1325a84f0a2f] - page.onError - stack:
  global code (http://www.lxxh7.com/wp-content/themes/minty--/getdouban/getdb.js?ver=4.9.16:7)
[ERROR - 2021-01-29T15:09:47.129Z] Session [04c01f10-6244-11eb-9e3f-1325a84f0a2f] - page.onError - msg: ReferenceError: Can't find variable: jQuery
[ERROR - 2021-01-29T15:09:47.130Z] Session [04c01f10-6244-11eb-9e3f-1325a84f0a2f] - page.onError - stack:
  global code (http://www.lxxh7.com/wp-content/themes/minty--/js/script.min.js?ver=6002d7c9e1c60:3)
[INFO  - 2021-01-29T15:14:44.033Z] SessionManagerReqHand - _cleanupWindowlessSessions - Asynchronous Sessions clean-up phase starting NOW
eb-a00c-f15ef85686a6] - page.settings - {"XSSAuditingEnabled":false,"javascriptCanCloseWindows":true,"javascriptCanOpenWindows":true,"javascriptEnabled":true,"loadImages":true,"localToRemoteUrlAccessEnabled":false,"userAgent":"Mozilla/5.0 (iPhone; CPU iPhone OS 13_0 like Mac OS X) AppleWebKit/604.3.5 (KHTML, like Gecko) Version/13.0 MQQBrowser/10.1.0 Mobile/15B87 Safari/604.1 QBWebViewUA/2 QBWebViewType/1 WKType/1","webSecurityEnabled":true}
[INFO  - 2021-01-29T15:09:49.368Z] Session [07d4b210-6244-11eb-a00c-f15ef85686a6] - page.customHeaders:  - {}
[INFO  - 2021-01-29T15:09:49.368Z] Session [07d4b210-6244-11eb-a00c-f15ef85686a6] - Session.negotiatedCapabilities - {"browserName":"phantomjs","version":"2.1.1","driverName":"ghostdriver","driverVersion":"1.2.0","platform":"windows-10-32bit","javascriptEnabled":true,"takesScreenshot":false,"handlesAlerts":false,"databaseEnabled":false,"locationContextEnabled":false,"applicationCacheEnabled":false,"browserConnectionEnabled":false,"cssSelectorsEnabled":true,"webStorageEnabled":false,"rotatable":false,"acceptSslCerts":false,"nativeEvents":true,"proxy":{"httpProxy":"115.236.136.246:80","proxyType":"MANUAL"},"phantomjs.page.settings.userAgent":"Mozilla/5.0 (iPhone; CPU iPhone OS 13_0 like Mac OS X) AppleWebKit/604.3.5 (KHTML, like Gecko) Version/13.0 MQQBrowser/10.1.0 Mobile/15B87 Safari/604.1 QBWebViewUA/2 QBWebViewType/1 WKType/1"}
[INFO  - 2021-01-29T15:09:49.368Z] SessionManagerReqHand - _postNewSessionCommand - New Session Created: 07d4b210-6244-11eb-a00c-f15ef85686a6
[ERROR - 2021-01-29T15:09:50.868Z] Session [07d4b210-6244-11eb-a00c-f15ef85686a6] - page.onError - msg: TypeError: ClipboardConstructor is not a constructor (evaluating 'new Clipboard('.content', {
    text: function() {
        return(arr11[index11]);
    }
})')
[ERROR - 2021-01-29T15:09:50.868Z] Session [07d4b210-6244-11eb-a00c-f15ef85686a6] - page.onError - stack:
  global code (http://www.lxxh7.com/%E5%82%B2%E6%85%A2%E4%B8%8E%E5%81%8F%E8%A7%81%E4%B8%8E%E5%83%B5%E5%B0%B8-pride-and-prejudice-and-zombies-2016%E5%8A%A8%E4%BD%9C-%E7%88%B1%E6%83%85-%E6%81%90%E6%80%96%E7%BE%8E%E5%9B%BD/:87)
[INFO  - 2021-01-29T15:14:49.212Z] SessionManagerReqHand - _cleanupWindowlessSessions - Asynchronous Sessions clean-up phase starting NOW
eb-9199-07635c87b706] - page.settings - {"XSSAuditingEnabled":false,"javascriptCanCloseWindows":true,"javascriptCanOpenWindows":true,"javascriptEnabled":true,"loadImages":true,"localToRemoteUrlAccessEnabled":false,"userAgent":"Mozilla/5.0 (iPhone; CPU iPhone OS 13_6 like Mac OS X) AppleWebKit/605.1.15 (KHTML, like Gecko) Mobile/15E148 MicroMessenger/7.0.15(0x17000f28) NetType/WIFI Language/zh_CN","webSecurityEnabled":true}
[INFO  - 2021-01-29T15:09:55.374Z] Session [0b68fc60-6244-11eb-9199-07635c87b706] - page.customHeaders:  - {}
[INFO  - 2021-01-29T15:09:55.374Z] Session [0b68fc60-6244-11eb-9199-07635c87b706] - Session.negotiatedCapabilities - {"browserName":"phantomjs","version":"2.1.1","driverName":"ghostdriver","driverVersion":"1.2.0","platform":"windows-10-32bit","javascriptEnabled":true,"takesScreenshot":false,"handlesAlerts":false,"databaseEnabled":false,"locationContextEnabled":false,"applicationCacheEnabled":false,"browserConnectionEnabled":false,"cssSelectorsEnabled":true,"webStorageEnabled":false,"rotatable":false,"acceptSslCerts":false,"nativeEvents":true,"proxy":{"httpProxy":"115.236.136.246:80","proxyType":"MANUAL"},"phantomjs.page.settings.userAgent":"Mozilla/5.0 (iPhone; CPU iPhone OS 13_6 like Mac OS X) AppleWebKit/605.1.15 (KHTML, like Gecko) Mobile/15E148 MicroMessenger/7.0.15(0x17000f28) NetType/WIFI Language/zh_CN"}
[INFO  - 2021-01-29T15:09:55.374Z] SessionManagerReqHand - _postNewSessionCommand - New Session Created: 0b68fc60-6244-11eb-9199-07635c87b706
[ERROR - 2021-01-29T15:09:57.559Z] Session [0b68fc60-6244-11eb-9199-07635c87b706] - page.onError - msg: TypeError: ClipboardConstructor is not a constructor (evaluating 'new Clipboard('.content', {
    text: function() {
        return(arr11[index11]);
    }
})')
[ERROR - 2021-01-29T15:09:57.560Z] Session [0b68fc60-6244-11eb-9199-07635c87b706] - page.onError - stack:
  global code (http://www.lxxh7.com/%E5%83%B5%E5%B0%B8%E5%8F%94%E5%8F%94-%E6%AE%AD%E5%B1%8D%E5%8F%94%E5%8F%941988%E6%81%90%E6%80%96%E9%A6%99%E6%B8%AF/:86)
[INFO  - 2021-01-29T15:14:54.787Z] SessionManagerReqHand - _cleanupWindowlessSessions - Asynchronous Sessions clean-up phase starting NOW
b-ba41-b54585a388fc] - page.settings - {"XSSAuditingEnabled":false,"javascriptCanCloseWindows":true,"javascriptCanOpenWindows":true,"javascriptEnabled":true,"loadImages":true,"localToRemoteUrlAccessEnabled":false,"userAgent":"Mozilla/5.0 (iPhone; CPU iPhone OS 13_0 like Mac OS X) AppleWebKit/604.3.5 (KHTML, like Gecko) Version/13.0 MQQBrowser/10.1.0 Mobile/15B87 Safari/604.1 QBWebViewUA/2 QBWebViewType/1 WKType/1","webSecurityEnabled":true}
[INFO  - 2021-01-29T15:10:00.935Z] Session [0eb9d510-6244-11eb-ba41-b54585a388fc] - page.customHeaders:  - {}
[INFO  - 2021-01-29T15:10:00.935Z] Session [0eb9d510-6244-11eb-ba41-b54585a388fc] - Session.negotiatedCapabilities - {"browserName":"phantomjs","version":"2.1.1","driverName":"ghostdriver","driverVersion":"1.2.0","platform":"windows-10-32bit","javascriptEnabled":true,"takesScreenshot":false,"handlesAlerts":false,"databaseEnabled":false,"locationContextEnabled":false,"applicationCacheEnabled":false,"browserConnectionEnabled":false,"cssSelectorsEnabled":true,"webStorageEnabled":false,"rotatable":false,"acceptSslCerts":false,"nativeEvents":true,"proxy":{"httpProxy":"115.236.136.246:80","proxyType":"MANUAL"},"phantomjs.page.settings.userAgent":"Mozilla/5.0 (iPhone; CPU iPhone OS 13_0 like Mac OS X) AppleWebKit/604.3.5 (KHTML, like Gecko) Version/13.0 MQQBrowser/10.1.0 Mobile/15B87 Safari/604.1 QBWebViewUA/2 QBWebViewType/1 WKType/1"}
[INFO  - 2021-01-29T15:10:00.936Z] SessionManagerReqHand - _postNewSessionCommand - New Session Created: 0eb9d510-6244-11eb-ba41-b54585a388fc
[ERROR - 2021-01-29T15:10:05.151Z] Session [0eb9d510-6244-11eb-ba41-b54585a388fc] - page.onError - msg: TypeError: ClipboardConstructor is not a constructor (evaluating 'new Clipboard('.content', {
    text: function() {
        return(arr11[index11]);
    }
})')
[ERROR - 2021-01-29T15:10:05.151Z] Session [0eb9d510-6244-11eb-ba41-b54585a388fc] - page.onError - stack:
  global code (http://www.lxxh7.com/%E6%88%91%E6%98%AF%E5%83%B5%E5%B0%B8-izombie-s01s02-%E5%AD%A3%E7%BB%88%E7%AC%AC3%E5%AD%A3%E5%B7%B2%E7%BB%AD%E8%AE%A2%E7%BE%8E%E5%89%A7/:87)
[INFO  - 2021-01-29T15:15:00.267Z] SessionManagerReqHand - _cleanupWindowlessSessions - Asynchronous Sessions clean-up phase starting NOW
eb-a696-c9bd416cc3a8] - page.settings - {"XSSAuditingEnabled":false,"javascriptCanCloseWindows":true,"javascriptCanOpenWindows":true,"javascriptEnabled":true,"loadImages":true,"localToRemoteUrlAccessEnabled":false,"userAgent":"Mozilla/5.0 (iPhone; CPU iPhone OS 13_3_1 like Mac OS X) AppleWebKit/605.1.15 (KHTML, like Gecko) Mobile/15E148 MicroMessenger/7.0.12(0x17000c23) NetType/WIFI Language/zh_CN","webSecurityEnabled":true}
[INFO  - 2021-01-29T15:10:35.588Z] Session [236100b0-6244-11eb-a696-c9bd416cc3a8] - page.customHeaders:  - {}
[INFO  - 2021-01-29T15:10:35.588Z] Session [236100b0-6244-11eb-a696-c9bd416cc3a8] - Session.negotiatedCapabilities - {"browserName":"phantomjs","version":"2.1.1","driverName":"ghostdriver","driverVersion":"1.2.0","platform":"windows-10-32bit","javascriptEnabled":true,"takesScreenshot":false,"handlesAlerts":false,"databaseEnabled":false,"locationContextEnabled":false,"applicationCacheEnabled":false,"browserConnectionEnabled":false,"cssSelectorsEnabled":true,"webStorageEnabled":false,"rotatable":false,"acceptSslCerts":false,"nativeEvents":true,"proxy":{"httpProxy":"202.108.22.5:80","proxyType":"MANUAL"},"phantomjs.page.settings.userAgent":"Mozilla/5.0 (iPhone; CPU iPhone OS 13_3_1 like Mac OS X) AppleWebKit/605.1.15 (KHTML, like Gecko) Mobile/15E148 MicroMessenger/7.0.12(0x17000c23) NetType/WIFI Language/zh_CN"}
[INFO  - 2021-01-29T15:10:35.589Z] SessionManagerReqHand - _postNewSessionCommand - New Session Created: 236100b0-6244-11eb-a696-c9bd416cc3a8
[INFO  - 2021-01-29T15:15:35.594Z] SessionManagerReqHand - _cleanupWindowlessSessions - Asynchronous Sessions clean-up phase starting NOW
eb-a350-831b433a6bac] - page.settings - {"XSSAuditingEnabled":false,"javascriptCanCloseWindows":true,"javascriptCanOpenWindows":true,"javascriptEnabled":true,"loadImages":true,"localToRemoteUrlAccessEnabled":false,"userAgent":"Mozilla/5.0 (iPhone; CPU iPhone OS 14_3 like Mac OS X) AppleWebKit/605.1.15 (KHTML, like Gecko) Mobile/15E148 MicroMessenger/7.0.20(0x17001428) NetType/4G Language/zh_CN","webSecurityEnabled":true}
[INFO  - 2021-01-29T15:10:37.943Z] Session [24c8a700-6244-11eb-a350-831b433a6bac] - page.customHeaders:  - {}
[INFO  - 2021-01-29T15:10:37.943Z] Session [24c8a700-6244-11eb-a350-831b433a6bac] - Session.negotiatedCapabilities - {"browserName":"phantomjs","version":"2.1.1","driverName":"ghostdriver","driverVersion":"1.2.0","platform":"windows-10-32bit","javascriptEnabled":true,"takesScreenshot":false,"handlesAlerts":false,"databaseEnabled":false,"locationContextEnabled":false,"applicationCacheEnabled":false,"browserConnectionEnabled":false,"cssSelectorsEnabled":true,"webStorageEnabled":false,"rotatable":false,"acceptSslCerts":false,"nativeEvents":true,"proxy":{"httpProxy":"202.108.22.5:80","proxyType":"MANUAL"},"phantomjs.page.settings.userAgent":"Mozilla/5.0 (iPhone; CPU iPhone OS 14_3 like Mac OS X) AppleWebKit/605.1.15 (KHTML, like Gecko) Mobile/15E148 MicroMessenger/7.0.20(0x17001428) NetType/4G Language/zh_CN"}
[INFO  - 2021-01-29T15:10:37.943Z] SessionManagerReqHand - _postNewSessionCommand - New Session Created: 24c8a700-6244-11eb-a350-831b433a6bac
[INFO  - 2021-01-29T15:15:37.956Z] SessionManagerReqHand - _cleanupWindowlessSessions - Asynchronous Sessions clean-up phase starting NOW
eb-b1dd-b785ca8b1e[INFO  - 2021-01-29T15:11:16.367Z] Session [3bafb080-6244-11eb-9b14-6599872d709c] - page.settings - {"XSSAuditingEnabled":false,"javascriptCanCloseWindows":true,"javascriptCanOpenWindows":true,"javascriptEnabled":true,"loadImages":true,"localToRemoteUrlAccessEnabled":false,"userAgent":"Mozilla/5.0 (iPhone; CPU iPhone OS 13_3_1 like Mac OS X) AppleWebKit/605.1.15 (KHTML, like Gecko) Mobile/15E148 MicroMessenger/7.0.12(0x17000c23) NetType/WIFI Language/zh_CN","webSecurityEnabled":true}
[INFO  - 2021-01-29T15:11:16.367Z] Session [3bafb080-6244-11eb-9b14-6599872d709c] - page.customHeaders:  - {}
[INFO  - 2021-01-29T15:11:16.367Z] Session [3bafb080-6244-11eb-9b14-6599872d709c] - Session.negotiatedCapabilities - {"browserName":"phantomjs","version":"2.1.1","driverName":"ghostdriver","driverVersion":"1.2.0","platform":"windows-10-32bit","javascriptEnabled":true,"takesScreenshot":false,"handlesAlerts":false,"databaseEnabled":false,"locationContextEnabled":false,"applicationCacheEnabled":false,"browserConnectionEnabled":false,"cssSelectorsEnabled":true,"webStorageEnabled":false,"rotatable":false,"acceptSslCerts":false,"nativeEvents":true,"proxy":{"httpProxy":"41.229.253.214:8080","proxyType":"MANUAL"},"phantomjs.page.settings.userAgent":"Mozilla/5.0 (iPhone; CPU iPhone OS 13_3_1 like Mac OS X) AppleWebKit/605.1.15 (KHTML, like Gecko) Mobile/15E148 MicroMessenger/7.0.12(0x17000c23) NetType/WIFI Language/zh_CN"}
[INFO  - 2021-01-29T15:11:16.367Z] SessionManagerReqHand - _[ERROR - 2021-01-29T15:11:24.157Z] Session [3b7abdd0-6244-11eb-b1dd-b785ca8b1e38] [ERROR - 2021-01-29T15:12:19.049Z] Session [3bafb080-6244-11eb-9b14-6599872d709c] - page.onError - msg: TypeError: ClipboardConstructor is not a constructor (evaluating 'new Clipboard('.content', {
    text: function() {
        return(arr11[index11]);
    }
})')
[ERROR - 2021-01-29T15:12:19.049Z] Session [3bafb080-6244-11eb-9b14-6599872d709c] - page.onError - stack:
  globa[INFO  - 2021-01-29T15:16:15.456Z] SessionManagerReqHand - _cleanupWindowlessSessions - Asynchronous Sessions clean-up phase starting NOW
6%B8%AF/:87)
[INFO  - 2021-01-29T15:16:15.863Z] SessionManagerReqHand - _cleanupWindowlessSessions - Asynchronous Sessions clean-up phase starting NOW
":true,"loadImages":true,"localToRemoteUrlAccessEnabled":false,"userAgent":"Mozilla/5.0 (iPhone; CPU iPhone OS 13_3 like Mac OS X) AppleWebKit/605.1.15 (KHTML, like Gecko) Mobile/15E148 MicroMessenger/6.7.3(0x16070321) NetType/WIFI Language/zh_CN","webSecurityEnabled":true}
[INFO  - 2021-01-29T15:11:38.508Z] Session [48e1d530-6244-11eb-811a-297a7f2cf43d] - page.customHeaders:  - {}
[INFO  - 2021-01-29T15:11:38.508Z] Session [48e1d530-6244-11eb-811a-297a7f2cf43d] - Session.negotiatedCapabilities - {"browserName":"phantomjs","version":"2.1.1","driverName":"ghostdriver","driverVersion":"1.2.0","platform":"windows-10-32bit","javascriptEnabled":true,"takesScreenshot":false,"handlesAlerts":false,"databaseEnabled":false,"locationContextEnabled":false,"applicationCacheEnabled":false,"browserConnectionEnabled":false,"cssSelectorsEnabled":true,"webStorageEnabled":false,"rotatable":false,"acceptSslCerts":false,"nativeEvents":true,"proxy":{"httpProxy":"8.135.103.42:80","proxyType":"MANUAL"},"phantomjs.page.settings.userAgent":"Mozilla/5.0 (iPhone; CPU iPhone OS 13_3 like Mac OS X) AppleWebKit/605.1.15 (KHTML, like Gecko) Mobile/15E148 MicroMessenger/6.7.3(0x16070321) NetType/WIFI Language/zh_CN"}
[INFO  - 2021-01-29T15:11:38.508Z] SessionManagerReqHand - _postNewSessionCommand - New Session Created: 48e1d530-6244-11eb-811a-297a7f2cf43d
[ERROR - 2021-01-29T15:11:45.161Z] Session [48e1d530-6244-11eb-811a-297a7f2cf43d] - page.onError - msg: TypeError: ClipboardConstructor is not a constructor (evaluating 'new Clipboard('.content', {
    text: function() {
        return(arr11[index11]);
    }
})')
[ERROR - 2021-01-29T15:11:45.161Z] Session [48e1d530-6244-11eb-811a-297a7f2cf43d] - page.onError - stack:
  global code (http://www.lxxh7.com/%E8%BF%9B%E5%87%BB%E7%9A%84%E5%B7%A8%E4%BA%BA-%E7%AC%AC%E5%9B%9B%E5%AD%A3-%E9%80%B2%E6%92%83%E3%81%AE%E5%B7%A8%E4%BA%BA-the-final-season%E6%9B%B4%E6%96%B0%E8%87%B301%E9%9B%86%E5%8A%A8%E7%94%BB/:86)
[INFO  - 2021-01-29T15:16:38.269Z] SessionManagerReqHand - _cleanupWindowlessSessions - Asynchronous Sessions clean-up phase starting NOW
eb-bcad-57fe505a9a24] - page.settings - {"XSSAuditingEnabled":false,"javascriptCanCloseWindows":true,"javascriptCanOpenWindows":true,"javascriptEnabled":true,"loadImages":true,"localToRemoteUrlAccessEnabled":false,"userAgent":"Mozilla/5.0 (iPhone; CPU iPhone OS 14_3 like Mac OS X) AppleWebKit/605.1.15 (KHTML, like Gecko) Mobile/15E148 MicroMessenger/7.0.20(0x17001428) NetType/4G Language/zh_CN","webSecurityEnabled":true}
[INFO  - 2021-01-29T15:11:48.038Z] Session [4e907400-6244-11eb-bcad-57fe505a9a24] - page.customHeaders:  - {}
[INFO  - 2021-01-29T15:11:48.039Z] Session [4e907400-6244-11eb-bcad-57fe505a9a24] - Session.negotiatedCapabilities - {"browserName":"phantomjs","version":"2.1.1","driverName":"ghostdriver","driverVersion":"1.2.0","platform":"windows-10-32bit","javascriptEnabled":true,"takesScreenshot":false,"handlesAlerts":false,"databaseEnabled":false,"locationContextEnabled":false,"applicationCacheEnabled":false,"browserConnectionEnabled":false,"cssSelectorsEnabled":true,"webStorageEnabled":false,"rotatable":false,"acceptSslCerts":false,"nativeEvents":true,"proxy":{"httpProxy":"8.135.103.42:80","proxyType":"MANUAL"},"phantomjs.page.settings.userAgent":"Mozilla/5.0 (iPhone; CPU iPhone OS 14_3 like Mac OS X) AppleWebKit/605.1.15 (KHTML, like Gecko) Mobile/15E148 MicroMessenger/7.0.20(0x17001428) NetType/4G Language/zh_CN"}
[INFO  - 2021-01-29T15:11:48.039Z] SessionManagerReqHand - _postNewSessionCommand - New Session Created: 4e907400-6244-11eb-bcad-57fe505a9a24
[ERROR - 2021-01-29T15:11:48.875Z] Session [4e907400-6244-11eb-bcad-57fe505a9a24] - page.onError - msg: TypeError: ClipboardConstructor is not a constructor (evaluating 'new Clipboard('.content', {
    text: function() {
        return(arr11[index11]);
    }
})')
[ERROR - 2021-01-29T15:11:48.875Z] Session [4e907400-6244-11eb-bcad-57fe505a9a24] - page.onError - stack:
  global code (http://www.lxxh7.com/%E8%BF%9B%E5%87%BB%E7%9A%84%E5%B7%A8%E4%BA%BA%E5%85%A8%E9%9B%86spoad-%E9%80%B2%E6%92%83%E3%81%AE%E5%B7%A8%E4%BA%BA-%E5%AE%8C%E7%BB%93/:87)
[INFO  - 2021-01-29T15:16:47.972Z] SessionManagerReqHand - _cleanupWindowlessSessions - Asynchronous Sessions clean-up phase starting NOW
eb-9071-552a54b927e1] - page.settings - {"XSSAuditingEnabled":false,"javascriptCanCloseWindows":true,"javascriptCanOpenWindows":true,"javascriptEnabled":true,"loadImages":true,"localToRemoteUrlAccessEnabled":false,"userAgent":"Mozilla/5.0 (iPhone; CPU iPhone OS 13_3_1 like Mac OS X) AppleWebKit/605.1.15 (KHTML, like Gecko) Mobile/15E148 MicroMessenger/7.0.12(0x17000c23) NetType/WIFI Language/zh_CN","webSecurityEnabled":true}
[INFO  - 2021-01-29T15:11:57.281Z] Session [5412f9c0-6244-11eb-9071-552a54b927e1] - page.customHeaders:  - {}
[INFO  - 2021-01-29T15:11:57.281Z] Session [5412f9c0-6244-11eb-9071-552a54b927e1] - Session.negotiatedCapabilities - {"browserName":"phantomjs","version":"2.1.1","driverName":"ghostdriver","driverVersion":"1.2.0","platform":"windows-10-32bit","javascriptEnabled":true,"takesScreenshot":false,"handlesAlerts":false,"databaseEnabled":false,"locationContextEnabled":false,"applicationCacheEnabled":false,"browserConnectionEnabled":false,"cssSelectorsEnabled":true,"webStorageEnabled":false,"rotatable":false,"acceptSslCerts":false,"nativeEvents":true,"proxy":{"httpProxy":"8.135.103.42:80","proxyType":"MANUAL"},"phantomjs.page.settings.userAgent":"Mozilla/5.0 (iPhone; CPU iPhone OS 13_3_1 like Mac OS X) AppleWebKit/605.1.15 (KHTML, like Gecko) Mobile/15E148 MicroMessenger/7.0.12(0x17000c23) NetType/WIFI Language/zh_CN"}
[INFO  - 2021-01-29T15:11:57.281Z] SessionManagerReqHand - _postNewSessionCommand - New Session Created: 5412f9c0-6244-11eb-9071-552a54b927e1
[ERROR - 2021-01-29T15:11:59.476Z] Session [5412f9c0-6244-11eb-9071-552a54b927e1] - page.onError - msg: TypeError: ClipboardConstructor is not a constructor (evaluating 'new Clipboard('.content', {
    text: function() {
        return(arr11[index11]);
    }
})')
[ERROR - 2021-01-29T15:11:59.477Z] Session [5412f9c0-6244-11eb-9071-552a54b927e1] - page.onError - stack:
  global code (http://www.lxxh7.com/%E8%BF%9B%E5%87%BB%E7%9A%84%E5%B7%A8%E4%BA%BA-%E7%AC%AC%E4%BA%8C%E5%AD%A3%E6%9B%B4%E6%96%B0%E8%87%B301%E9%9B%86%E5%8A%A8%E7%94%BB-%E7%A7%91%E5%B9%BB/:86)
[INFO  - 2021-01-29T15:16:56.790Z] SessionManagerReqHand - _cleanupWindowlessSessions - Asynchronous Sessions clean-up phase starting NOW
eb-a9d6-178f3541f9ea] - page.settings - {"XSSAuditingEnabled":false,"javascriptCanCloseWindows":true,"javascriptCanOpenWindows":true,"javascriptEnabled":true,"loadImages":true,"localToRemoteUrlAccessEnabled":false,"userAgent":"Mozilla/5.0 (iPhone; CPU iPhone OS 13_6 like Mac OS X) AppleWebKit/605.1.15 (KHTML, like Gecko) Mobile/15E148 MicroMessenger/7.0.15(0x17000f28) NetType/WIFI Language/zh_CN","webSecurityEnabled":true}
[INFO  - 2021-01-29T15:12:02.951Z] Session [57742620-6244-11eb-a9d6-178f3541f9ea] - page.customHeaders:  - {}
[INFO  - 2021-01-29T15:12:02.951Z] Session [57742620-6244-11eb-a9d6-178f3541f9ea] - Session.negotiatedCapabilities - {"browserName":"phantomjs","version":"2.1.1","driverName":"ghostdriver","driverVersion":"1.2.0","platform":"windows-10-32bit","javascriptEnabled":true,"takesScreenshot":false,"handlesAlerts":false,"databaseEnabled":false,"locationContextEnabled":false,"applicationCacheEnabled":false,"browserConnectionEnabled":false,"cssSelectorsEnabled":true,"webStorageEnabled":false,"rotatable":false,"acceptSslCerts":false,"nativeEvents":true,"proxy":{"httpProxy":"8.135.103.42:80","proxyType":"MANUAL"},"phantomjs.page.settings.userAgent":"Mozilla/5.0 (iPhone; CPU iPhone OS 13_6 like Mac OS X) AppleWebKit/605.1.15 (KHTML, like Gecko) Mobile/15E148 MicroMessenger/7.0.15(0x17000f28) NetType/WIFI Language/zh_CN"}
[INFO  - 2021-01-29T15:12:02.951Z] SessionManagerReqHand - _postNewSessionCommand - New Session Created: 57742620-6244-11eb-a9d6-178f3541f9ea
[ERROR - 2021-01-29T15:12:20.142Z] Session [57742620-6244-11eb-a9d6-178f3541f9ea] - page.onError - msg: TypeError: ClipboardConstructor is not a constructor (evaluating 'new Clipboard('.content', {
    text: function() {
        return(arr11[index11]);
    }
})')
[ERROR - 2021-01-29T15:12:20.142Z] Session [57742620-6244-11eb-a9d6-178f3541f9ea] - page.onError - stack:
  global code (http://www.lxxh7.com/%E8%BF%9B%E5%87%BB%E7%9A%84%E5%B7%A8%E4%BA%BA%E5%89%A7%E5%9C%BA%E7%89%88%EF%BC%9A%E5%89%8D%E7%AF%87%C2%B7%E7%BA%A2%E8%8E%B2%E4%B9%8B%E7%AE%AD-%E5%8A%87%E5%A0%B4%E7%89%88-%E9%80%B2%E6%92%83%E3%81%AE/:87)
[INFO  - 2021-01-29T15:17:02.896Z] SessionManagerReqHand - _cleanupWindowlessSessions - Asynchronous Sessions clean-up phase starting NOW
eb-8255-8316ab14cadc] - page.settings - {"XSSAuditingEnabled":false,"javascriptCanCloseWindows":true,"javascriptCanOpenWindows":true,"javascriptEnabled":true,"loadImages":true,"localToRemoteUrlAccessEnabled":false,"userAgent":"Mozilla/5.0 (iPhone; CPU iPhone OS 13_3_1 like Mac OS X) AppleWebKit/605.1.15 (KHTML, like Gecko) Mobile/15E148 MicroMessenger/7.0.12(0x17000c23) NetType/WIFI Language/zh_CN","webSecurityEnabled":true}
[INFO  - 2021-01-29T15:12:31.511Z] Session [6879c100-6244-11eb-8255-8316ab14cadc] - page.customHeaders:  - {}
[INFO  - 2021-01-29T15:12:31.511Z] Session [6879c100-6244-11eb-8255-8316ab14cadc] - Session.negotiatedCapabilities - {"browserName":"phantomjs","version":"2.1.1","driverName":"ghostdriver","driverVersion":"1.2.0","platform":"windows-10-32bit","javascriptEnabled":true,"takesScreenshot":false,"handlesAlerts":false,"databaseEnabled":false,"locationContextEnabled":false,"applicationCacheEnabled":false,"browserConnectionEnabled":false,"cssSelectorsEnabled":true,"webStorageEnabled":false,"rotatable":false,"acceptSslCerts":false,"nativeEvents":true,"proxy":{"httpProxy":"8.135.103.42:80","proxyType":"MANUAL"},"phantomjs.page.settings.userAgent":"Mozilla/5.0 (iPhone; CPU iPhone OS 13_3_1 like Mac OS X) AppleWebKit/605.1.15 (KHTML, like Gecko) Mobile/15E148 MicroMessenger/7.0.12(0x17000c23) NetType/WIFI Language/zh_CN"}
[INFO  - 2021-01-29T15:12:31.511Z] SessionManagerReqHand - _postNewSessionCommand - New Session Created: 6879c100-6244-11eb-8255-8316ab14cadc
[ERROR - 2021-01-29T15:12:39.494Z] Session [6879c100-6244-11eb-8255-8316ab14cadc] - page.onError - msg: TypeError: ClipboardConstructor is not a constructor (evaluating 'new Clipboard('.content', {
    text: function() {
        return(arr11[index11]);
    }
})')
[ERROR - 2021-01-29T15:12:39.494Z] Session [6879c100-6244-11eb-8255-8316ab14cadc] - page.onError - stack:
  global code (http://www.lxxh7.com/%E8%BF%9B%E5%87%BB%E7%9A%84%E5%B7%A8%E4%BA%BA%E7%9C%9F%E4%BA%BA%E7%89%88%EF%BC%9A%E5%90%8E%E7%AF%87%C2%B7%E4%B8%96%E7%95%8C%E7%BB%88%E7%BB%93-%E9%80%B2%E6%92%83%E3%81%AE%E5%B7%A8%E4%BA%BA-attack-on-ti/:86)
[INFO  - 2021-01-29T15:17:30.889Z] SessionManagerReqHand - _cleanupWindowlessSessions - Asynchronous Sessions clean-up phase starting NOW
b-8df7-23d425196f29] - page.settings - {"XSSAuditingEnabled":false,"javascriptCanCloseWindows":true,"javascriptCanOpenWindows":true,"javascriptEnabled":true,"loadImages":true,"localToRemoteUrlAccessEnabled":false,"userAgent":"Mozilla/5.0 (iPhone; CPU iPhone OS 13_3_1 like Mac OS X) AppleWebKit/605.1.15 (KHTML, like Gecko) Mobile/15E148 MicroMessenger/7.0.12(0x17000c23) NetType/WIFI Language/zh_CN","webSecurityEnabled":true}
[INFO  - 2021-01-29T15:12:44.258Z] Session [7012a3a0-6244-11eb-8df7-23d425196f29] - page.customHeaders:  - {}
[INFO  - 2021-01-29T15:12:44.258Z] Session [7012a3a0-6244-11eb-8df7-23d425196f29] - Session.negotiatedCapabilities - {"browserName":"phantomjs","version":"2.1.1","driverName":"ghostdriver","driverVersion":"1.2.0","platform":"windows-10-32bit","javascriptEnabled":true,"takesScreenshot":false,"handlesAlerts":false,"databaseEnabled":false,"locationContextEnabled":false,"applicationCacheEnabled":false,"browserConnectionEnabled":false,"cssSelectorsEnabled":true,"webStorageEnabled":false,"rotatable":false,"acceptSslCerts":false,"nativeEvents":true,"proxy":{"httpProxy":"8.135.103.42:80","proxyType":"MANUAL"},"phantomjs.page.settings.userAgent":"Mozilla/5.0 (iPhone; CPU iPhone OS 13_3_1 like Mac OS X) AppleWebKit/605.1.15 (KHTML, like Gecko) Mobile/15E148 MicroMessenger/7.0.12(0x17000c23) NetType/WIFI Language/zh_CN"}
[INFO  - 2021-01-29T15:12:44.259Z] SessionManagerReqHand - _postNewSessionCommand - New Session Created: 7012a3a0-6244-11eb-8df7-23d425196f29
[ERROR - 2021-01-29T15:12:46.445Z] Session [7012a3a0-6244-11eb-8df7-23d425196f29] - page.onError - msg: TypeError: ClipboardConstructor is not a constructor (evaluating 'new Clipboard('.content', {
    text: function() {
        return(arr11[index11]);
    }
})')
[ERROR - 2021-01-29T15:12:46.445Z] Session [7012a3a0-6244-11eb-8df7-23d425196f29] - page.onError - stack:
  global code (http://www.lxxh7.com/%E8%BF%9B%E5%87%BB%E7%9A%84%E5%B7%A8%E4%BA%BA-%E7%AC%AC%E4%B8%89%E5%AD%A3-part-2-%E9%80%B2%E6%92%83%E3%81%AE%E5%B7%A8%E4%BA%BA-season3-part-2%E6%9B%B4%E6%96%B0%E8%87%B301%E9%9B%86%E5%8A%A8/:86)
[INFO  - 2021-01-29T15:17:44.115Z] SessionManagerReqHand - _cleanupWindowlessSessions - Asynchronous Sessions clean-up phase starting NOW
eb-b533-750ac0e18d99] - page.settings - {"XSSAuditingEnabled":false,"javascriptCanCloseWindows":true,"javascriptCanOpenWindows":true,"javascriptEnabled":true,"loadImages":true,"localToRemoteUrlAccessEnabled":false,"userAgent":"Mozilla/5.0 (iPhone; CPU iPhone OS 13_3 like Mac OS X) AppleWebKit/605.1.15 (KHTML, like Gecko) Mobile/15E148 MicroMessenger/6.7.3(0x16070321) NetType/WIFI Language/zh_CN","webSecurityEnabled":true}
[INFO  - 2021-01-29T15:12:49.057Z] Session [72ef36b0-6244-11eb-b533-750ac0e18d99] - page.customHeaders:  - {}
[INFO  - 2021-01-29T15:12:49.057Z] Session [72ef36b0-6244-11eb-b533-750ac0e18d99] - Session.negotiatedCapabilities - {"browserName":"phantomjs","version":"2.1.1","driverName":"ghostdriver","driverVersion":"1.2.0","platform":"windows-10-32bit","javascriptEnabled":true,"takesScreenshot":false,"handlesAlerts":false,"databaseEnabled":false,"locationContextEnabled":false,"applicationCacheEnabled":false,"browserConnectionEnabled":false,"cssSelectorsEnabled":true,"webStorageEnabled":false,"rotatable":false,"acceptSslCerts":false,"nativeEvents":true,"proxy":{"httpProxy":"8.135.103.42:80","proxyType":"MANUAL"},"phantomjs.page.settings.userAgent":"Mozilla/5.0 (iPhone; CPU iPhone OS 13_3 like Mac OS X) AppleWebKit/605.1.15 (KHTML, like Gecko) Mobile/15E148 MicroMessenger/6.7.3(0x16070321) NetType/WIFI Language/zh_CN"}
[INFO  - 2021-01-29T15:12:49.057Z] SessionManagerReqHand - _postNewSessionCommand - New Session Created: 72ef36b0-6244-11eb-b533-750ac0e18d99
[ERROR - 2021-01-29T15:12:50.881Z] Session [72ef36b0-6244-11eb-b533-750ac0e18d99] - page.onError - msg: TypeError: ClipboardConstructor is not a constructor (evaluating 'new Clipboard('.content', {
    text: function() {
        return(arr11[index11]);
    }
})')
[ERROR - 2021-01-29T15:12:50.881Z] Session [72ef36b0-6244-11eb-b533-750ac0e18d99] - page.onError - stack:
  global code (http://www.lxxh7.com/%E8%BF%9B%E5%87%BB%E7%9A%84%E5%B7%A8%E4%BA%BA-%E7%AC%AC%E4%B8%89%E5%AD%A3%E6%9B%B4%E6%96%B0%E8%87%B303%E9%9B%86%E5%8A%A8%E7%94%BB/:86)
[INFO  - 2021-01-29T15:17:48.937Z] SessionManagerReqHand - _cleanupWindowlessSessions - Asynchronous Sessions clean-up phase starting NOW
b-a1e0-8bb9f6a6c9fe] - page.settings - {"XSSAuditingEnabled":false,"javascriptCanCloseWindows":true,"javascriptCanOpenWindows":true,"javascriptEnabled":true,"loadImages":true,"localToRemoteUrlAccessEnabled":false,"userAgent":"Mozilla/5.0 (iPhone; CPU iPhone OS 13_3 like Mac OS X) AppleWebKit/605.1.15 (KHTML, like Gecko) Mobile/15E148 MicroMessenger/6.7.3(0x16070321) NetType/WIFI Language/zh_CN","webSecurityEnabled":true}
[INFO  - 2021-01-29T15:12:53.575Z] Session [75a07400-6244-11eb-a1e0-8bb9f6a6c9fe] - page.customHeaders:  - {}
[INFO  - 2021-01-29T15:12:53.575Z] Session [75a07400-6244-11eb-a1e0-8bb9f6a6c9fe] - Session.negotiatedCapabilities - {"browserName":"phantomjs","version":"2.1.1","driverName":"ghostdriver","driverVersion":"1.2.0","platform":"windows-10-32bit","javascriptEnabled":true,"takesScreenshot":false,"handlesAlerts":false,"databaseEnabled":false,"locationContextEnabled":false,"applicationCacheEnabled":false,"browserConnectionEnabled":false,"cssSelectorsEnabled":true,"webStorageEnabled":false,"rotatable":false,"acceptSslCerts":false,"nativeEvents":true,"proxy":{"httpProxy":"8.135.103.42:80","proxyType":"MANUAL"},"phantomjs.page.settings.userAgent":"Mozilla/5.0 (iPhone; CPU iPhone OS 13_3 like Mac OS X) AppleWebKit/605.1.15 (KHTML, like Gecko) Mobile/15E148 MicroMessenger/6.7.3(0x16070321) NetType/WIFI Language/zh_CN"}
[INFO  - 2021-01-29T15:12:53.575Z] SessionManagerReqHand - _postNewSessionCommand - New Session Created: 75a07400-6244-11eb-a1e0-8bb9f6a6c9fe
[ERROR - 2021-01-29T15:12:55.156Z] Session [75a07400-6244-11eb-a1e0-8bb9f6a6c9fe] - page.onError - msg: TypeError: ClipboardConstructor is not a constructor (evaluating 'new Clipboard('.content', {
    text: function() {
        return(arr11[index11]);
    }
})')
[ERROR - 2021-01-29T15:12:55.156Z] Session [75a07400-6244-11eb-a1e0-8bb9f6a6c9fe] - page.onError - stack:
  global code (http://www.lxxh7.com/%E8%BF%9B%E5%87%BB%E7%9A%84%E5%B7%A8%E4%BA%BA%E7%9C%9F%E4%BA%BA%E7%89%88%EF%BC%9A%E5%89%8D%E7%AF%87-%E9%80%B2%E6%92%83%E3%81%AE%E5%B7%A8%E4%BA%BA-attack-on-titan-2015%E7%A7%91%E5%B9%BB%E6%97%A5/:87)
[INFO  - 2021-01-29T15:17:53.485Z] SessionManagerReqHand - _cleanupWindowlessSessions - Asynchronous Sessions clean-up phase starting NOW
eb-a8de-59c53dceab49] - page.settings - {"XSSAuditingEnabled":false,"javascriptCanCloseWindows":true,"javascriptCanOpenWindows":true,"javascriptEnabled":true,"loadImages":true,"localToRemoteUrlAccessEnabled":false,"userAgent":"Mozilla/5.0 (iPhone; CPU iPhone OS 13_6 like Mac OS X) AppleWebKit/605.1.15 (KHTML, like Gecko) Mobile/15E148 MicroMessenger/7.0.15(0x17000f28) NetType/WIFI Language/zh_CN","webSecurityEnabled":true}
[INFO  - 2021-01-29T15:13:05.383Z] Session [7caa5d10-6244-11eb-a8de-59c53dceab49] - page.customHeaders:  - {}
[INFO  - 2021-01-29T15:13:05.384Z] Session [7caa5d10-6244-11eb-a8de-59c53dceab49] - Session.negotiatedCapabilities - {"browserName":"phantomjs","version":"2.1.1","driverName":"ghostdriver","driverVersion":"1.2.0","platform":"windows-10-32bit","javascriptEnabled":true,"takesScreenshot":false,"handlesAlerts":false,"databaseEnabled":false,"locationContextEnabled":false,"applicationCacheEnabled":false,"browserConnectionEnabled":false,"cssSelectorsEnabled":true,"webStorageEnabled":false,"rotatable":false,"acceptSslCerts":false,"nativeEvents":true,"proxy":{"httpProxy":"8.135.103.42:80","proxyType":"MANUAL"},"phantomjs.page.settings.userAgent":"Mozilla/5.0 (iPhone; CPU iPhone OS 13_6 like Mac OS X) AppleWebKit/605.1.15 (KHTML, like Gecko) Mobile/15E148 MicroMessenger/7.0.15(0x17000f28) NetType/WIFI Language/zh_CN"}
[INFO  - 2021-01-29T15:13:05.384Z] SessionManagerReqHand - _postNewSessionCommand - New Session Created: 7caa5d10-6244-11eb-a8de-59c53dceab49
[ERROR - 2021-01-29T15:13:09.160Z] Session [7caa5d10-6244-11eb-a8de-59c53dceab49] - page.onError - msg: TypeError: ClipboardConstructor is not a constructor (evaluating 'new Clipboard('.content', {
    text: function() {
        return(arr11[index11]);
    }
})')
[ERROR - 2021-01-29T15:13:09.160Z] Session [7caa5d10-6244-11eb-a8de-59c53dceab49] - page.onError - stack:
  global code (http://www.lxxh7.com/%E8%BF%9B%E5%87%BB%E7%9A%84%E5%B7%A8%E4%BA%BA%E5%89%A7%E5%9C%BA%E7%89%88%EF%BC%9A%E8%A7%89%E9%86%92%E7%9A%84%E5%92%86%E5%93%AE2018%E5%8A%A8%E7%94%BB-%E7%81%BE%E9%9A%BE%E6%97%A5%E6%9C%AC/:86)
[INFO  - 2021-01-29T15:18:05.324Z] SessionManagerReqHand - _cleanupWindowlessSessions - Asynchronous Sessions clean-up phase starting NOW
eb-ac5b-476634aa1ea2] - page.settings - {"XSSAuditingEnabled":false,"javascriptCanCloseWindows":true,"javascriptCanOpenWindows":true,"javascriptEnabled":true,"loadImages":true,"localToRemoteUrlAccessEnabled":false,"userAgent":"Mozilla/5.0 (iPhone; CPU iPhone OS 13_6 like Mac OS X) AppleWebKit/605.1.15 (KHTML, like Gecko) Mobile/15E148 MicroMessenger/7.0.15(0x17000f28) NetType/WIFI Language/zh_CN","webSecurityEnabled":true}
[INFO  - 2021-01-29T15:13:11.851Z] Session [80857460-6244-11eb-ac5b-476634aa1ea2] - page.customHeaders:  - {}
[INFO  - 2021-01-29T15:13:11.851Z] Session [80857460-6244-11eb-ac5b-476634aa1ea2] - Session.negotiatedCapabilities - {"browserName":"phantomjs","version":"2.1.1","driverName":"ghostdriver","driverVersion":"1.2.0","platform":"windows-10-32bit","javascriptEnabled":true,"takesScreenshot":false,"handlesAlerts":false,"databaseEnabled":false,"locationContextEnabled":false,"applicationCacheEnabled":false,"browserConnectionEnabled":false,"cssSelectorsEnabled":true,"webStorageEnabled":false,"rotatable":false,"acceptSslCerts":false,"nativeEvents":true,"proxy":{"httpProxy":"8.135.103.42:80","proxyType":"MANUAL"},"phantomjs.page.settings.userAgent":"Mozilla/5.0 (iPhone; CPU iPhone OS 13_6 like Mac OS X) AppleWebKit/605.1.15 (KHTML, like Gecko) Mobile/15E148 MicroMessenger/7.0.15(0x17000f28) NetType/WIFI Language/zh_CN"}
[INFO  - 2021-01-29T15:13:11.851Z] SessionManagerReqHand - _postNewSessionCommand - New Session Created: 80857460-6244-11eb-ac5b-476634aa1ea2
[ERROR - 2021-01-29T15:13:14.217Z] Session [80857460-6244-11eb-ac5b-476634aa1ea2] - page.onError - msg: TypeError: ClipboardConstructor is not a constructor (evaluating 'new Clipboard('.content', {
    text: function() {
        return(arr11[index11]);
    }
})')
[ERROR - 2021-01-29T15:13:14.217Z] Session [80857460-6244-11eb-ac5b-476634aa1ea2] - page.onError - stack:
  global code (http://www.lxxh7.com/%E8%BF%9B%E5%87%BB%E7%9A%84%E5%B7%A8%E4%BA%BA%E5%89%A7%E5%9C%BA%E7%89%88%EF%BC%9A%E5%90%8E%E7%AF%87%C2%B7%E8%87%AA%E7%94%B1%E4%B9%8B%E7%BF%BC-%E5%8A%87%E5%A0%B4%E7%89%88-%E9%80%B2%E6%92%83%E3%81%AE/:87)
[INFO  - 2021-01-29T15:18:11.766Z] SessionManagerReqHand - _cleanupWindowlessSessions - Asynchronous Sessions clean-up phase starting NOW
eb-9a0f-01d6d8741e12] - page.settings - {"XSSAuditingEnabled":false,"javascriptCanCloseWindows":true,"javascriptCanOpenWindows":true,"javascriptEnabled":true,"loadImages":true,"localToRemoteUrlAccessEnabled":false,"userAgent":"Mozilla/5.0 (iPhone; CPU iPhone OS 13_0 like Mac OS X) AppleWebKit/604.3.5 (KHTML, like Gecko) Version/13.0 MQQBrowser/10.1.0 Mobile/15B87 Safari/604.1 QBWebViewUA/2 QBWebViewType/1 WKType/1","webSecurityEnabled":true}
[INFO  - 2021-01-29T15:13:32.328Z] Session [8cb9b110-6244-11eb-9a0f-01d6d8741e12] - page.customHeaders:  - {}
[INFO  - 2021-01-29T15:13:32.328Z] Session [8cb9b110-6244-11eb-9a0f-01d6d8741e12] - Session.negotiatedCapabilities - {"browserName":"phantomjs","version":"2.1.1","driverName":"ghostdriver","driverVersion":"1.2.0","platform":"windows-10-32bit","javascriptEnabled":true,"takesScreenshot":false,"handlesAlerts":false,"databaseEnabled":false,"locationContextEnabled":false,"applicationCacheEnabled":false,"browserConnectionEnabled":false,"cssSelectorsEnabled":true,"webStorageEnabled":false,"rotatable":false,"acceptSslCerts":false,"nativeEvents":true,"proxy":{"httpProxy":"41.229.253.214:8080","proxyType":"MANUAL"},"phantomjs.page.settings.userAgent":"Mozilla/5.0 (iPhone; CPU iPhone OS 13_0 like Mac OS X) AppleWebKit/604.3.5 (KHTML, like Gecko) Version/13.0 MQQBrowser/10.1.0 Mobile/15B87 Safari/604.1 QBWebViewUA/2 QBWebViewType/1 WKType/1"}
[INFO  - 2021-01-29T15:13:32.328Z] SessionManagerReqHand - _postNewSessionCommand - New Session Created: 8cb9b110-6244-11eb-9a0f-01d6d8741e12
[ERROR - 2021-01-29T15:14:36.063Z] Session [8cb9b110-6244-11eb-9a0f-01d6d8741e12] - page.onError - msg: TypeError: ClipboardConstructor is not a constructor (evaluating 'new Clipboard('.content', {
    text: function() {
        return(arr11[index11]);
    }
})')
[ERROR - 2021-01-29T15:14:36.064Z] Session [8cb9b110-6244-11eb-9a0f-01d6d8741e12] - page.onError - stack:
  global code (http://www.lxxh7.com/%E5%83%B5%E5%B0%B8%E7%8C%8E%E4%BA%BA-zombie-hunter2013%E5%8A%A8%E4%BD%9C-%E6%83%8A%E6%82%9A%E7%BE%8E%E5%9B%BD/:86)
[INFO  - 2021-01-29T15:18:32.227Z] SessionManagerReqHand - _cleanupWindowlessSessions - Asynchronous Sessions clean-up phase starting NOW
b-89c1-1b6c36ae31a0] - page.settings - {"XSSAuditingEnabled":false,"javascriptCanCloseWindows":true,"javascriptCanOpenWindows":true,"javascriptEnabled":true,"loadImages":true,"localToRemoteUrlAccessEnabled":false,"userAgent":"Mozilla/5.0 (iPhone; CPU iPhone OS 13_6 like Mac OS X) AppleWebKit/605.1.15 (KHTML, like Gecko) Mobile/15E148 MicroMessenger/7.0.15(0x17000f28) NetType/WIFI Language/zh_CN","webSecurityEnabled":true}
[INFO  - 2021-01-29T15:15:39.314Z] Session [d86a5ec0-6244-11eb-89c1-1b6c36ae31a0] - page.customHeaders:  - {}
[INFO  - 2021-01-29T15:15:39.314Z] Session [d86a5ec0-6244-11eb-89c1-1b6c36ae31a0] - Session.negotiatedCapabilities - {"browserName":"phantomjs","version":"2.1.1","driverName":"ghostdriver","driverVersion":"1.2.0","platform":"windows-10-32bit","javascriptEnabled":true,"takesScreenshot":false,"handlesAlerts":false,"databaseEnabled":false,"locationContextEnabled":false,"applicationCacheEnabled":false,"browserConnectionEnabled":false,"cssSelectorsEnabled":true,"webStorageEnabled":false,"rotatable":false,"acceptSslCerts":false,"nativeEvents":true,"proxy":{"httpProxy":"41.229.253.214:8080","proxyType":"MANUAL"},"phantomjs.page.settings.userAgent":"Mozilla/5.0 (iPhone; CPU iPhone OS 13_6 like Mac OS X) AppleWebKit/605.1.15 (KHTML, like Gecko) Mobile/15E148 MicroMessenger/7.0.15(0x17000f28) NetType/WIFI Language/zh_CN"}
[INFO  - 2021-01-29T15:15:39.314Z] SessionManagerReqHand - _postNewSessionCommand - New Session Created: d86a5ec0-6244-11eb-89c1-1b6c36ae31a0
[ERROR - 2021-01-29T15:17:25.955Z] Session [d86a5ec0-6244-11eb-89c1-1b6c36ae31a0] - page.onError - msg: TypeError: ClipboardConstructor is not a constructor (evaluating 'new Clipboard('.content', {
    text: function() {
        return(arr11[index11]);
    }
})')
[ERROR - 2021-01-29T15:17:25.956Z] Session [d86a5ec0-6244-11eb-89c1-1b6c36ae31a0] - page.onError - stack:
  global code (http://www.lxxh7.com/%E5%83%B5%E5%B0%B8%E5%BD%92%E6%9D%A513%E6%83%8A%E6%82%9A%E6%81%90%E6%80%96%E4%B8%AD%E5%9B%BD/:86)
[INFO  - 2021-01-29T15:18:34.780Z] GhostDriver - Main - running on port 28395
